This is pdfTeX, Version 3.141592653-2.6-1.40.25 (MiKTeX 24.1) (preloaded format=pdflatex 2024.4.28)  17 SEP 2024 23:49
entering extended mode
 \write18 enabled.
 file:line:error style messages enabled.
 %&-line parsing enabled.
**c:/Users/Nia/Documents/Other/Work/Teaching/Materials/Python/Boolean-Logic/boolean_logic.tex
(c:/Users/Nia/Documents/Other/Work/Teaching/Materials/Python/Boolean-Logic/boolean_logic.tex
LaTeX2e <2023-11-01> patch level 1
L3 programming layer <2024-02-20>
(C:\Users\Nia\AppData\Local\Programs\MiKTeX\tex/latex/koma-script\scrartcl.cls
Document Class: scrartcl 2023/07/07 v3.41 KOMA-Script document class (article)
(C:\Users\Nia\AppData\Local\Programs\MiKTeX\tex/latex/koma-script\scrkbase.sty
Package: scrkbase 2023/07/07 v3.41 KOMA-Script package (KOMA-Script-dependent basics and keyval usage)
 (C:\Users\Nia\AppData\Local\Programs\MiKTeX\tex/latex/koma-script\scrbase.sty
Package: scrbase 2023/07/07 v3.41 KOMA-Script package (KOMA-Script-independent basics and keyval usage)
 (C:\Users\Nia\AppData\Local\Programs\MiKTeX\tex/latex/koma-script\scrlfile.sty
Package: scrlfile 2023/07/07 v3.41 KOMA-Script package (file load hooks)
 (C:\Users\Nia\AppData\Local\Programs\MiKTeX\tex/latex/koma-script\scrlfile-hook.sty
Package: scrlfile-hook 2023/07/07 v3.41 KOMA-Script package (using LaTeX hooks)
 (C:\Users\Nia\AppData\Local\Programs\MiKTeX\tex/latex/koma-script\scrlogo.sty
Package: scrlogo 2023/07/07 v3.41 KOMA-Script package (logo)
))) (C:\Users\Nia\AppData\Local\Programs\MiKTeX\tex/latex/graphics\keyval.sty
Package: keyval 2022/05/29 v1.15 key=value parser (DPC)
\KV@toks@=\toks17
)
Applying: [2021/05/01] Usage of raw or classic option list on input line 252.
Already applied: [0000/00/00] Usage of raw or classic option list on input line 368.
)) (C:\Users\Nia\AppData\Local\Programs\MiKTeX\tex/latex/koma-script\tocbasic.sty
Package: tocbasic 2023/07/07 v3.41 KOMA-Script package (handling toc-files)
\scr@dte@tocline@numberwidth=\skip48
\scr@dte@tocline@numbox=\box51
)
Package tocbasic Info: omitting babel extension for `toc'
(tocbasic)             because of feature `nobabel' available
(tocbasic)             for `toc' on input line 133.
Package scrartcl Info: You've used standard option `12pt'.
(scrartcl)             This is correct!
(scrartcl)             Internally I'm using `fontsize=12pt'.
(scrartcl)             If you'd like to set the option with \KOMAoptions,
(scrartcl)             you'd have to use `fontsize=12pt' there
(scrartcl)             instead of `12pt', too.
Class scrartcl Info: File `scrsize12pt.clo' used to setup font sizes on input line 2441.
 (C:\Users\Nia\AppData\Local\Programs\MiKTeX\tex/latex/koma-script\scrsize12pt.clo
File: scrsize12pt.clo 2023/07/07 v3.41 KOMA-Script font size class option (12pt)
) (C:\Users\Nia\AppData\Local\Programs\MiKTeX\tex/latex/koma-script\typearea.sty
Package: typearea 2023/07/07 v3.41 KOMA-Script package (type area)
\ta@bcor=\skip49
\ta@div=\count188
\ta@hblk=\skip50
\ta@vblk=\skip51
\ta@temp=\skip52
\footheight=\skip53
Package typearea Info: These are the values describing the layout:
(typearea)             DIV  = 12
(typearea)             BCOR = 0.0pt
(typearea)             \paperwidth      = 597.50793pt
(typearea)              \textwidth      = 448.13095pt
(typearea)              DIV departure   = -6%
(typearea)              \evensidemargin = 2.4185pt
(typearea)              \oddsidemargin  = 2.4185pt
(typearea)             \paperheight     = 845.04694pt
(typearea)              \textheight     = 635.5pt
(typearea)              \topmargin      = -41.72441pt
(typearea)              \headheight     = 18.125pt
(typearea)              \headsep        = 21.75pt
(typearea)              \topskip        = 12.0pt
(typearea)              \footskip       = 50.75pt
(typearea)              \baselineskip   = 14.5pt
(typearea)              on input line 1799.
)
\c@part=\count189
\c@section=\count190
\c@subsection=\count191
\c@subsubsection=\count192
\c@paragraph=\count193
\c@subparagraph=\count194
\scr@dte@section@maxnumwidth=\skip54
Class scrartcl Info: using compatibility default `runin=bysign'
(scrartcl)           for `\section on input line 5082.
Class scrartcl Info: using compatibility default `afterindent=bysign'
(scrartcl)           for `\section on input line 5082.
\scr@dte@part@maxnumwidth=\skip55
Class scrartcl Info: using compatibility default `afterindent=false'
(scrartcl)           for `\part on input line 5090.
\scr@dte@subsection@maxnumwidth=\skip56
Class scrartcl Info: using compatibility default `runin=bysign'
(scrartcl)           for `\subsection on input line 5100.
Class scrartcl Info: using compatibility default `afterindent=bysign'
(scrartcl)           for `\subsection on input line 5100.
\scr@dte@subsubsection@maxnumwidth=\skip57
Class scrartcl Info: using compatibility default `runin=bysign'
(scrartcl)           for `\subsubsection on input line 5110.
Class scrartcl Info: using compatibility default `afterindent=bysign'
(scrartcl)           for `\subsubsection on input line 5110.
\scr@dte@paragraph@maxnumwidth=\skip58
Class scrartcl Info: using compatibility default `runin=bysign'
(scrartcl)           for `\paragraph on input line 5121.
Class scrartcl Info: using compatibility default `afterindent=bysign'
(scrartcl)           for `\paragraph on input line 5121.
\scr@dte@subparagraph@maxnumwidth=\skip59
Class scrartcl Info: using compatibility default `runin=bysign'
(scrartcl)           for `\subparagraph on input line 5131.
Class scrartcl Info: using compatibility default `afterindent=bysign'
(scrartcl)           for `\subparagraph on input line 5131.
\abovecaptionskip=\skip60
\belowcaptionskip=\skip61
\c@pti@nb@sid@b@x=\box52
Package tocbasic Info: omitting babel extension for `lof'
(tocbasic)             because of feature `nobabel' available
(tocbasic)             for `lof' on input line 6309.
\scr@dte@figure@maxnumwidth=\skip62
\c@figure=\count195
Package tocbasic Info: omitting babel extension for `lot'
(tocbasic)             because of feature `nobabel' available
(tocbasic)             for `lot' on input line 6325.
\scr@dte@table@maxnumwidth=\skip63
\c@table=\count196
Class scrartcl Info: Redefining `\numberline' on input line 6495.
\bibindent=\dimen140
) (NiaLatexHelpers/nia_defs.tex (C:\Users\Nia\AppData\Local\Programs\MiKTeX\tex/latex/amsmath\amsmath.sty
Package: amsmath 2023/05/13 v2.17o AMS math features
\@mathmargin=\skip64

For additional information on amsmath, use the `?' option.
(C:\Users\Nia\AppData\Local\Programs\MiKTeX\tex/latex/amsmath\amstext.sty
Package: amstext 2021/08/26 v2.01 AMS text
 (C:\Users\Nia\AppData\Local\Programs\MiKTeX\tex/latex/amsmath\amsgen.sty
File: amsgen.sty 1999/11/30 v2.0 generic functions
\@emptytoks=\toks18
\ex@=\dimen141
)) (C:\Users\Nia\AppData\Local\Programs\MiKTeX\tex/latex/amsmath\amsbsy.sty
Package: amsbsy 1999/11/29 v1.2d Bold Symbols
\pmbraise@=\dimen142
) (C:\Users\Nia\AppData\Local\Programs\MiKTeX\tex/latex/amsmath\amsopn.sty
Package: amsopn 2022/04/08 v2.04 operator names
)
\inf@bad=\count197
LaTeX Info: Redefining \frac on input line 234.
\uproot@=\count198
\leftroot@=\count199
LaTeX Info: Redefining \overline on input line 399.
LaTeX Info: Redefining \colon on input line 410.
\classnum@=\count266
\DOTSCASE@=\count267
LaTeX Info: Redefining \ldots on input line 496.
LaTeX Info: Redefining \dots on input line 499.
LaTeX Info: Redefining \cdots on input line 620.
\Mathstrutbox@=\box53
\strutbox@=\box54
LaTeX Info: Redefining \big on input line 722.
LaTeX Info: Redefining \Big on input line 723.
LaTeX Info: Redefining \bigg on input line 724.
LaTeX Info: Redefining \Bigg on input line 725.
\big@size=\dimen143
LaTeX Font Info:    Redeclaring font encoding OML on input line 743.
LaTeX Font Info:    Redeclaring font encoding OMS on input line 744.
\macc@depth=\count268
LaTeX Info: Redefining \bmod on input line 905.
LaTeX Info: Redefining \pmod on input line 910.
LaTeX Info: Redefining \smash on input line 940.
LaTeX Info: Redefining \relbar on input line 970.
LaTeX Info: Redefining \Relbar on input line 971.
\c@MaxMatrixCols=\count269
\dotsspace@=\muskip16
\c@parentequation=\count270
\dspbrk@lvl=\count271
\tag@help=\toks19
\row@=\count272
\column@=\count273
\maxfields@=\count274
\andhelp@=\toks20
\eqnshift@=\dimen144
\alignsep@=\dimen145
\tagshift@=\dimen146
\tagwidth@=\dimen147
\totwidth@=\dimen148
\lineht@=\dimen149
\@envbody=\toks21
\multlinegap=\skip65
\multlinetaggap=\skip66
\mathdisplay@stack=\toks22
LaTeX Info: Redefining \[ on input line 2953.
LaTeX Info: Redefining \] on input line 2954.
) (C:\Users\Nia\AppData\Local\Programs\MiKTeX\tex/latex/amsfonts\amssymb.sty
Package: amssymb 2013/01/14 v3.01 AMS font symbols
 (C:\Users\Nia\AppData\Local\Programs\MiKTeX\tex/latex/amsfonts\amsfonts.sty
Package: amsfonts 2013/01/14 v3.01 Basic AMSFonts support
\symAMSa=\mathgroup4
\symAMSb=\mathgroup5
LaTeX Font Info:    Redeclaring math symbol \hbar on input line 98.
LaTeX Font Info:    Overwriting math alphabet `\mathfrak' in version `bold'
(Font)                  U/euf/m/n --> U/euf/b/n on input line 106.
)) (C:\Users\Nia\AppData\Local\Programs\MiKTeX\tex/latex/jknappen\mathrsfs.sty
Package: mathrsfs 1996/01/01 Math RSFS package v1.0 (jk)
\symrsfs=\mathgroup6
) (C:\Users\Nia\AppData\Local\Programs\MiKTeX\tex/latex/amscls\amsthm.sty
Package: amsthm 2020/05/29 v2.20.6
\thm@style=\toks23
\thm@bodyfont=\toks24
\thm@headfont=\toks25
\thm@notefont=\toks26
\thm@headpunct=\toks27
\thm@preskip=\skip67
\thm@postskip=\skip68
\thm@headsep=\skip69
\dth@everypar=\toks28
) (C:\Users\Nia\AppData\Local\Programs\MiKTeX\tex/latex/xpatch\xpatch.sty (C:\Users\Nia\AppData\Local\Programs\MiKTeX\tex/latex/l3kernel\expl3.sty
Package: expl3 2024-02-20 L3 programming layer (loader) 
 (C:\Users\Nia\AppData\Local\Programs\MiKTeX\tex/latex/l3backend\l3backend-pdftex.def
File: l3backend-pdftex.def 2024-02-20 L3 backend support: PDF output (pdfTeX)
\l__color_backend_stack_int=\count275
\l__pdf_internal_box=\box55
))
Package: xpatch 2020/03/25 v0.3a Extending etoolbox patching commands
 (C:\Users\Nia\AppData\Local\Programs\MiKTeX\tex/latex/l3packages/xparse\xparse.sty
Package: xparse 2024-02-18 L3 Experimental document command parser
) (C:\Users\Nia\AppData\Local\Programs\MiKTeX\tex/latex/etoolbox\etoolbox.sty
Package: etoolbox 2020/10/05 v2.5k e-TeX tools for LaTeX (JAW)
\etb@tempcnta=\count276
))
Class scrartcl Info: amsthm's \deferred@thm@head patched.
 (C:\Users\Nia\AppData\Local\Programs\MiKTeX\tex/latex/minted\minted.sty
Package: minted 2023/12/18 v2.9 Yet another Pygments shim for LaTeX
 (C:\Users\Nia\AppData\Local\Programs\MiKTeX\tex/latex/kvoptions\kvoptions.sty
Package: kvoptions 2022-06-15 v3.15 Key value format for package options (HO)
 (C:\Users\Nia\AppData\Local\Programs\MiKTeX\tex/generic/ltxcmds\ltxcmds.sty
Package: ltxcmds 2023-12-04 v1.26 LaTeX kernel commands for general use (HO)
) (C:\Users\Nia\AppData\Local\Programs\MiKTeX\tex/latex/kvsetkeys\kvsetkeys.sty
Package: kvsetkeys 2022-10-05 v1.19 Key value parser (HO)
)) (C:\Users\Nia\AppData\Local\Programs\MiKTeX\tex/latex/fvextra\fvextra.sty
Package: fvextra 2024/05/16 v1.7.0 fvextra - extensions and patches for fancyvrb
 (C:\Users\Nia\AppData\Local\Programs\MiKTeX\tex/latex/fancyvrb\fancyvrb.sty
Package: fancyvrb 2024/01/20 4.5c verbatim text (tvz,hv)
\FV@CodeLineNo=\count277
\FV@InFile=\read2
\FV@TabBox=\box56
\c@FancyVerbLine=\count278
\FV@StepNumber=\count279
\FV@OutFile=\write3
) (C:\Users\Nia\AppData\Local\Programs\MiKTeX\tex/latex/upquote\upquote.sty
Package: upquote 2012/04/19 v1.3 upright-quote and grave-accent glyphs in verbatim
) (C:\Users\Nia\AppData\Local\Programs\MiKTeX\tex/latex/lineno\lineno.sty
Package: lineno 2023/05/20 line numbers on paragraphs v5.3
\linenopenalty=\count280
\output=\toks29
\linenoprevgraf=\count281
\linenumbersep=\dimen150
\linenumberwidth=\dimen151
\c@linenumber=\count282
\c@pagewiselinenumber=\count283
\c@LN@truepage=\count284
\c@internallinenumber=\count285
\c@internallinenumbers=\count286
\quotelinenumbersep=\dimen152
\bframerule=\dimen153
\bframesep=\dimen154
\bframebox=\box57
\linenoamsmath@ams@eqpen=\count287
LaTeX Info: Redefining \\ on input line 3180.
)
\c@FancyVerbWriteLine=\count288
\c@FancyVerbBufferIndex=\count289
\c@FancyVerbBufferLength=\count290
\c@FancyVerbBufferLine=\count291
\c@FV@oldbufferlength=\count292
\c@FV@TrueTabGroupLevel=\count293
\c@FV@TrueTabCounter=\count294
\FV@TabBox@Group=\box58
\FV@TmpLength=\skip70
\c@FV@HighlightLinesStart=\count295
\c@FV@HighlightLinesStop=\count296
\FV@LoopCount=\count297
\FV@NCharsBox=\box59
\FV@BreakIndent=\dimen155
\FV@BreakIndentNChars=\count298
\FV@BreakSymbolSepLeft=\dimen156
\FV@BreakSymbolSepLeftNChars=\count299
\FV@BreakSymbolSepRight=\dimen157
\FV@BreakSymbolSepRightNChars=\count300
\FV@BreakSymbolIndentLeft=\dimen158
\FV@BreakSymbolIndentLeftNChars=\count301
\FV@BreakSymbolIndentRight=\dimen159
\FV@BreakSymbolIndentRightNChars=\count302
\c@FancyVerbLineBreakLast=\count303
\FV@LineBox=\box60
\FV@LineIndentBox=\box61
\c@FV@BreakBufferDepth=\count304
\FV@LineWidth=\dimen160
) (C:\Users\Nia\AppData\Local\Programs\MiKTeX\tex/latex/base\ifthen.sty
Package: ifthen 2022/04/13 v1.1d Standard LaTeX ifthen package (DPC)
) (C:\Users\Nia\AppData\Local\Programs\MiKTeX\tex/latex/tools\shellesc.sty
Package: shellesc 2023/07/08 v1.0d unified shell escape interface for LaTeX
Package shellesc Info: Unrestricted shell escape enabled on input line 75.
) (C:\Users\Nia\AppData\Local\Programs\MiKTeX\tex/latex/ifplatform\ifplatform.sty
Package: ifplatform 2017/10/13 v0.4a Testing for the operating system
 (C:\Users\Nia\AppData\Local\Programs\MiKTeX\tex/generic/pdftexcmds\pdftexcmds.sty
Package: pdftexcmds 2020-06-27 v0.33 Utility functions of pdfTeX for LuaTeX (HO)
 (C:\Users\Nia\AppData\Local\Programs\MiKTeX\tex/generic/infwarerr\infwarerr.sty
Package: infwarerr 2019/12/03 v1.5 Providing info/warning/error messages (HO)
) (C:\Users\Nia\AppData\Local\Programs\MiKTeX\tex/generic/iftex\iftex.sty
Package: iftex 2022/02/03 v1.0f TeX engine tests
)
Package pdftexcmds Info: \pdf@primitive is available.
Package pdftexcmds Info: \pdf@ifprimitive is available.
Package pdftexcmds Info: \pdfdraftmode found.
) (C:\Users\Nia\AppData\Local\Programs\MiKTeX\tex/generic/catchfile\catchfile.sty
Package: catchfile 2019/12/09 v1.8 Catch the contents of a file (HO)
 (C:\Users\Nia\AppData\Local\Programs\MiKTeX\tex/generic/etexcmds\etexcmds.sty
Package: etexcmds 2019/12/15 v1.7 Avoid name clashes with e-TeX commands (HO)
)) (C:\Users\Nia\AppData\Local\Programs\MiKTeX\tex/generic/iftex\ifluatex.sty
Package: ifluatex 2019/10/25 v1.5 ifluatex legacy package. Use iftex instead.
)) (C:\Users\Nia\AppData\Local\Programs\MiKTeX\tex/latex/xstring\xstring.sty (C:\Users\Nia\AppData\Local\Programs\MiKTeX\tex/generic/xstring\xstring.tex
\xs_counta=\count305
\xs_countb=\count306
)
Package: xstring 2023/08/22 v1.86 String manipulations (CT)
) (C:\Users\Nia\AppData\Local\Programs\MiKTeX\tex/latex/framed\framed.sty
Package: framed 2011/10/22 v 0.96: framed or shaded text with page breaks
\OuterFrameSep=\skip71
\fb@frw=\dimen161
\fb@frh=\dimen162
\FrameRule=\dimen163
\FrameSep=\dimen164
) (C:\Users\Nia\AppData\Local\Programs\MiKTeX\tex/latex/float\float.sty
Package: float 2001/11/08 v1.3d Float enhancements (AL)
\c@float@type=\count307
\float@exts=\toks30
\float@box=\box62
\@float@everytoks=\toks31
\@floatcapt=\box63
)
\minted@appexistsfile=\read3
\minted@bgbox=\box64
\minted@code=\write4
\c@minted@FancyVerbLineTemp=\count308
\c@minted@pygmentizecounter=\count309
\@float@every@listing=\toks32
\c@listing=\count310
)
runsystem(if not exist _minted-boolean_logic mkdir _minted-boolean_logic)...executed.

 (C:\Users\Nia\AppData\Local\Programs\MiKTeX\tex/latex/tools\array.sty
Package: array 2023/10/16 v2.5g Tabular extension package (FMi)
\col@sep=\dimen165
\ar@mcellbox=\box65
\extrarowheight=\dimen166
\NC@list=\toks33
\extratabsurround=\skip72
\backup@length=\skip73
\ar@cellbox=\box66
) (C:\Users\Nia\AppData\Local\Programs\MiKTeX\tex/latex/multirow\multirow.sty
Package: multirow 2021/03/15 v2.8 Span multiple rows of a table
\multirow@colwidth=\skip74
\multirow@cntb=\count311
\multirow@dima=\skip75
\bigstrutjot=\dimen167
) (C:\Users\Nia\AppData\Local\Programs\MiKTeX\tex/latex/graphics\graphicx.sty
Package: graphicx 2021/09/16 v1.2d Enhanced LaTeX Graphics (DPC,SPQR)
 (C:\Users\Nia\AppData\Local\Programs\MiKTeX\tex/latex/graphics\graphics.sty
Package: graphics 2022/03/10 v1.4e Standard LaTeX Graphics (DPC,SPQR)
 (C:\Users\Nia\AppData\Local\Programs\MiKTeX\tex/latex/graphics\trig.sty
Package: trig 2021/08/11 v1.11 sin cos tan (DPC)
) (C:\Users\Nia\AppData\Local\Programs\MiKTeX\tex/latex/graphics-cfg\graphics.cfg
File: graphics.cfg 2016/06/04 v1.11 sample graphics configuration
)
Package graphics Info: Driver file: pdftex.def on input line 107.
 (C:\Users\Nia\AppData\Local\Programs\MiKTeX\tex/latex/graphics-def\pdftex.def
File: pdftex.def 2022/09/22 v1.2b Graphics/color driver for pdftex
))
\Gin@req@height=\dimen168
\Gin@req@width=\dimen169
) (C:\Users\Nia\AppData\Local\Programs\MiKTeX\tex/latex/caption\caption.sty
Package: caption 2023/08/05 v3.6o Customizing captions (AR)
 (C:\Users\Nia\AppData\Local\Programs\MiKTeX\tex/latex/caption\caption3.sty
Package: caption3 2023/07/31 v2.4d caption3 kernel (AR)
\caption@tempdima=\dimen170
\captionmargin=\dimen171
\caption@leftmargin=\dimen172
\caption@rightmargin=\dimen173
\caption@width=\dimen174
\caption@indent=\dimen175
\caption@parindent=\dimen176
\caption@hangindent=\dimen177
Package caption Info: KOMA-Script document class detected.
 (C:\Users\Nia\AppData\Local\Programs\MiKTeX\tex/latex/caption\caption-koma.sto
File: caption-koma.sto 2023/09/08 v2.0e Adaption of the caption package to the KOMA-Script document classes (AR)
))
\c@caption@flags=\count312
\c@continuedfloat=\count313
Package caption Info: float package is loaded.
Package caption Info: KOMA-Script scrextend package detected.
\caption@addmargin@hsize=\dimen178
\caption@addmargin@linewidth=\dimen179
) (C:\Users\Nia\AppData\Local\Programs\MiKTeX\tex/latex/tools\enumerate.sty
Package: enumerate 2023/07/04 v3.00 enumerate extensions (DPC)
\@enLab=\toks34
) (C:\Users\Nia\AppData\Local\Programs\MiKTeX\tex/latex/mathtools\mathtools.sty
Package: mathtools 2024/03/11 v1.30 mathematical typesetting tools
 (C:\Users\Nia\AppData\Local\Programs\MiKTeX\tex/latex/tools\calc.sty
Package: calc 2023/07/08 v4.3 Infix arithmetic (KKT,FJ)
\calc@Acount=\count314
\calc@Bcount=\count315
\calc@Adimen=\dimen180
\calc@Bdimen=\dimen181
\calc@Askip=\skip76
\calc@Bskip=\skip77
LaTeX Info: Redefining \setlength on input line 80.
LaTeX Info: Redefining \addtolength on input line 81.
\calc@Ccount=\count316
\calc@Cskip=\skip78
) (C:\Users\Nia\AppData\Local\Programs\MiKTeX\tex/latex/mathtools\mhsetup.sty
Package: mhsetup 2021/03/18 v1.4 programming setup (MH)
)
\g_MT_multlinerow_int=\count317
\l_MT_multwidth_dim=\dimen182
\origjot=\skip79
\l_MT_shortvdotswithinadjustabove_dim=\dimen183
\l_MT_shortvdotswithinadjustbelow_dim=\dimen184
\l_MT_above_intertext_sep=\dimen185
\l_MT_below_intertext_sep=\dimen186
\l_MT_above_shortintertext_sep=\dimen187
\l_MT_below_shortintertext_sep=\dimen188
\xmathstrut@box=\box67
\xmathstrut@dim=\dimen189
) (C:\Users\Nia\AppData\Local\Programs\MiKTeX\tex/latex/tcolorbox\tcolorbox.sty
Package: tcolorbox 2024/01/10 version 6.2.0 text color boxes
 (C:\Users\Nia\AppData\Local\Programs\MiKTeX\tex/latex/pgf/basiclayer\pgf.sty (C:\Users\Nia\AppData\Local\Programs\MiKTeX\tex/latex/pgf/utilities\pgfrcs.sty (C:\Users\Nia\AppData\Local\Programs\MiKTeX\tex/generic/pgf/utilities\pgfutil-common.tex
\pgfutil@everybye=\toks35
\pgfutil@tempdima=\dimen190
\pgfutil@tempdimb=\dimen191
) (C:\Users\Nia\AppData\Local\Programs\MiKTeX\tex/generic/pgf/utilities\pgfutil-latex.def
\pgfutil@abb=\box68
) (C:\Users\Nia\AppData\Local\Programs\MiKTeX\tex/generic/pgf/utilities\pgfrcs.code.tex (C:\Users\Nia\AppData\Local\Programs\MiKTeX\tex/generic/pgf\pgf.revision.tex)
Package: pgfrcs 2023-01-15 v3.1.10 (3.1.10)
))
Package: pgf 2023-01-15 v3.1.10 (3.1.10)
 (C:\Users\Nia\AppData\Local\Programs\MiKTeX\tex/latex/pgf/basiclayer\pgfcore.sty (C:\Users\Nia\AppData\Local\Programs\MiKTeX\tex/latex/pgf/systemlayer\pgfsys.sty (C:\Users\Nia\AppData\Local\Programs\MiKTeX\tex/generic/pgf/systemlayer\pgfsys.code.tex
Package: pgfsys 2023-01-15 v3.1.10 (3.1.10)
 (C:\Users\Nia\AppData\Local\Programs\MiKTeX\tex/generic/pgf/utilities\pgfkeys.code.tex
\pgfkeys@pathtoks=\toks36
\pgfkeys@temptoks=\toks37
 (C:\Users\Nia\AppData\Local\Programs\MiKTeX\tex/generic/pgf/utilities\pgfkeyslibraryfiltered.code.tex
\pgfkeys@tmptoks=\toks38
))
\pgf@x=\dimen192
\pgf@y=\dimen193
\pgf@xa=\dimen194
\pgf@ya=\dimen195
\pgf@xb=\dimen196
\pgf@yb=\dimen197
\pgf@xc=\dimen198
\pgf@yc=\dimen199
\pgf@xd=\dimen256
\pgf@yd=\dimen257
\w@pgf@writea=\write5
\r@pgf@reada=\read4
\c@pgf@counta=\count318
\c@pgf@countb=\count319
\c@pgf@countc=\count320
\c@pgf@countd=\count321
\t@pgf@toka=\toks39
\t@pgf@tokb=\toks40
\t@pgf@tokc=\toks41
\pgf@sys@id@count=\count322
 (C:\Users\Nia\AppData\Local\Programs\MiKTeX\tex/generic/pgf/systemlayer\pgf.cfg
File: pgf.cfg 2023-01-15 v3.1.10 (3.1.10)
)
Driver file for pgf: pgfsys-pdftex.def
 (C:\Users\Nia\AppData\Local\Programs\MiKTeX\tex/generic/pgf/systemlayer\pgfsys-pdftex.def
File: pgfsys-pdftex.def 2023-01-15 v3.1.10 (3.1.10)
 (C:\Users\Nia\AppData\Local\Programs\MiKTeX\tex/generic/pgf/systemlayer\pgfsys-common-pdf.def
File: pgfsys-common-pdf.def 2023-01-15 v3.1.10 (3.1.10)
))) (C:\Users\Nia\AppData\Local\Programs\MiKTeX\tex/generic/pgf/systemlayer\pgfsyssoftpath.code.tex
File: pgfsyssoftpath.code.tex 2023-01-15 v3.1.10 (3.1.10)
\pgfsyssoftpath@smallbuffer@items=\count323
\pgfsyssoftpath@bigbuffer@items=\count324
) (C:\Users\Nia\AppData\Local\Programs\MiKTeX\tex/generic/pgf/systemlayer\pgfsysprotocol.code.tex
File: pgfsysprotocol.code.tex 2023-01-15 v3.1.10 (3.1.10)
)) (C:\Users\Nia\AppData\Local\Programs\MiKTeX\tex/latex/xcolor\xcolor.sty
Package: xcolor 2023/11/15 v3.01 LaTeX color extensions (UK)
 (C:\Users\Nia\AppData\Local\Programs\MiKTeX\tex/latex/graphics-cfg\color.cfg
File: color.cfg 2016/01/02 v1.6 sample color configuration
)
Package xcolor Info: Driver file: pdftex.def on input line 274.
 (C:\Users\Nia\AppData\Local\Programs\MiKTeX\tex/latex/graphics\mathcolor.ltx)
Package xcolor Info: Model `cmy' substituted by `cmy0' on input line 1350.
Package xcolor Info: Model `hsb' substituted by `rgb' on input line 1354.
Package xcolor Info: Model `RGB' extended on input line 1366.
Package xcolor Info: Model `HTML' substituted by `rgb' on input line 1368.
Package xcolor Info: Model `Hsb' substituted by `hsb' on input line 1369.
Package xcolor Info: Model `tHsb' substituted by `hsb' on input line 1370.
Package xcolor Info: Model `HSB' substituted by `hsb' on input line 1371.
Package xcolor Info: Model `Gray' substituted by `gray' on input line 1372.
Package xcolor Info: Model `wave' substituted by `hsb' on input line 1373.
) (C:\Users\Nia\AppData\Local\Programs\MiKTeX\tex/generic/pgf/basiclayer\pgfcore.code.tex
Package: pgfcore 2023-01-15 v3.1.10 (3.1.10)
 (C:\Users\Nia\AppData\Local\Programs\MiKTeX\tex/generic/pgf/math\pgfmath.code.tex (C:\Users\Nia\AppData\Local\Programs\MiKTeX\tex/generic/pgf/math\pgfmathutil.code.tex) (C:\Users\Nia\AppData\Local\Programs\MiKTeX\tex/generic/pgf/math\pgfmathparser.code.tex
\pgfmath@dimen=\dimen258
\pgfmath@count=\count325
\pgfmath@box=\box69
\pgfmath@toks=\toks42
\pgfmath@stack@operand=\toks43
\pgfmath@stack@operation=\toks44
) (C:\Users\Nia\AppData\Local\Programs\MiKTeX\tex/generic/pgf/math\pgfmathfunctions.code.tex) (C:\Users\Nia\AppData\Local\Programs\MiKTeX\tex/generic/pgf/math\pgfmathfunctions.basic.code.tex) (C:\Users\Nia\AppData\Local\Programs\MiKTeX\tex/generic/pgf/math\pgfmathfunctions.trigonometric.code.tex) (C:\Users\Nia\AppData\Local\Programs\MiKTeX\tex/generic/pgf/math\pgfmathfunctions.random.code.tex) (C:\Users\Nia\AppData\Local\Programs\MiKTeX\tex/generic/pgf/math\pgfmathfunctions.comparison.code.tex) (C:\Users\Nia\AppData\Local\Programs\MiKTeX\tex/generic/pgf/math\pgfmathfunctions.base.code.tex) (C:\Users\Nia\AppData\Local\Programs\MiKTeX\tex/generic/pgf/math\pgfmathfunctions.round.code.tex) (C:\Users\Nia\AppData\Local\Programs\MiKTeX\tex/generic/pgf/math\pgfmathfunctions.misc.code.tex) (C:\Users\Nia\AppData\Local\Programs\MiKTeX\tex/generic/pgf/math\pgfmathfunctions.integerarithmetics.code.tex) (C:\Users\Nia\AppData\Local\Programs\MiKTeX\tex/generic/pgf/math\pgfmathcalc.code.tex) (C:\Users\Nia\AppData\Local\Programs\MiKTeX\tex/generic/pgf/math\pgfmathfloat.code.tex
\c@pgfmathroundto@lastzeros=\count326
)) (C:\Users\Nia\AppData\Local\Programs\MiKTeX\tex/generic/pgf/math\pgfint.code.tex) (C:\Users\Nia\AppData\Local\Programs\MiKTeX\tex/generic/pgf/basiclayer\pgfcorepoints.code.tex
File: pgfcorepoints.code.tex 2023-01-15 v3.1.10 (3.1.10)
\pgf@picminx=\dimen259
\pgf@picmaxx=\dimen260
\pgf@picminy=\dimen261
\pgf@picmaxy=\dimen262
\pgf@pathminx=\dimen263
\pgf@pathmaxx=\dimen264
\pgf@pathminy=\dimen265
\pgf@pathmaxy=\dimen266
\pgf@xx=\dimen267
\pgf@xy=\dimen268
\pgf@yx=\dimen269
\pgf@yy=\dimen270
\pgf@zx=\dimen271
\pgf@zy=\dimen272
) (C:\Users\Nia\AppData\Local\Programs\MiKTeX\tex/generic/pgf/basiclayer\pgfcorepathconstruct.code.tex
File: pgfcorepathconstruct.code.tex 2023-01-15 v3.1.10 (3.1.10)
\pgf@path@lastx=\dimen273
\pgf@path@lasty=\dimen274
) (C:\Users\Nia\AppData\Local\Programs\MiKTeX\tex/generic/pgf/basiclayer\pgfcorepathusage.code.tex
File: pgfcorepathusage.code.tex 2023-01-15 v3.1.10 (3.1.10)
\pgf@shorten@end@additional=\dimen275
\pgf@shorten@start@additional=\dimen276
) (C:\Users\Nia\AppData\Local\Programs\MiKTeX\tex/generic/pgf/basiclayer\pgfcorescopes.code.tex
File: pgfcorescopes.code.tex 2023-01-15 v3.1.10 (3.1.10)
\pgfpic=\box70
\pgf@hbox=\box71
\pgf@layerbox@main=\box72
\pgf@picture@serial@count=\count327
) (C:\Users\Nia\AppData\Local\Programs\MiKTeX\tex/generic/pgf/basiclayer\pgfcoregraphicstate.code.tex
File: pgfcoregraphicstate.code.tex 2023-01-15 v3.1.10 (3.1.10)
\pgflinewidth=\dimen277
) (C:\Users\Nia\AppData\Local\Programs\MiKTeX\tex/generic/pgf/basiclayer\pgfcoretransformations.code.tex
File: pgfcoretransformations.code.tex 2023-01-15 v3.1.10 (3.1.10)
\pgf@pt@x=\dimen278
\pgf@pt@y=\dimen279
\pgf@pt@temp=\dimen280
) (C:\Users\Nia\AppData\Local\Programs\MiKTeX\tex/generic/pgf/basiclayer\pgfcorequick.code.tex
File: pgfcorequick.code.tex 2023-01-15 v3.1.10 (3.1.10)
) (C:\Users\Nia\AppData\Local\Programs\MiKTeX\tex/generic/pgf/basiclayer\pgfcoreobjects.code.tex
File: pgfcoreobjects.code.tex 2023-01-15 v3.1.10 (3.1.10)
) (C:\Users\Nia\AppData\Local\Programs\MiKTeX\tex/generic/pgf/basiclayer\pgfcorepathprocessing.code.tex
File: pgfcorepathprocessing.code.tex 2023-01-15 v3.1.10 (3.1.10)
) (C:\Users\Nia\AppData\Local\Programs\MiKTeX\tex/generic/pgf/basiclayer\pgfcorearrows.code.tex
File: pgfcorearrows.code.tex 2023-01-15 v3.1.10 (3.1.10)
\pgfarrowsep=\dimen281
) (C:\Users\Nia\AppData\Local\Programs\MiKTeX\tex/generic/pgf/basiclayer\pgfcoreshade.code.tex
File: pgfcoreshade.code.tex 2023-01-15 v3.1.10 (3.1.10)
\pgf@max=\dimen282
\pgf@sys@shading@range@num=\count328
\pgf@shadingcount=\count329
) (C:\Users\Nia\AppData\Local\Programs\MiKTeX\tex/generic/pgf/basiclayer\pgfcoreimage.code.tex
File: pgfcoreimage.code.tex 2023-01-15 v3.1.10 (3.1.10)
) (C:\Users\Nia\AppData\Local\Programs\MiKTeX\tex/generic/pgf/basiclayer\pgfcoreexternal.code.tex
File: pgfcoreexternal.code.tex 2023-01-15 v3.1.10 (3.1.10)
\pgfexternal@startupbox=\box73
) (C:\Users\Nia\AppData\Local\Programs\MiKTeX\tex/generic/pgf/basiclayer\pgfcorelayers.code.tex
File: pgfcorelayers.code.tex 2023-01-15 v3.1.10 (3.1.10)
) (C:\Users\Nia\AppData\Local\Programs\MiKTeX\tex/generic/pgf/basiclayer\pgfcoretransparency.code.tex
File: pgfcoretransparency.code.tex 2023-01-15 v3.1.10 (3.1.10)
) (C:\Users\Nia\AppData\Local\Programs\MiKTeX\tex/generic/pgf/basiclayer\pgfcorepatterns.code.tex
File: pgfcorepatterns.code.tex 2023-01-15 v3.1.10 (3.1.10)
) (C:\Users\Nia\AppData\Local\Programs\MiKTeX\tex/generic/pgf/basiclayer\pgfcorerdf.code.tex
File: pgfcorerdf.code.tex 2023-01-15 v3.1.10 (3.1.10)
))) (C:\Users\Nia\AppData\Local\Programs\MiKTeX\tex/generic/pgf/modules\pgfmoduleshapes.code.tex
File: pgfmoduleshapes.code.tex 2023-01-15 v3.1.10 (3.1.10)
\pgfnodeparttextbox=\box74
) (C:\Users\Nia\AppData\Local\Programs\MiKTeX\tex/generic/pgf/modules\pgfmoduleplot.code.tex
File: pgfmoduleplot.code.tex 2023-01-15 v3.1.10 (3.1.10)
) (C:\Users\Nia\AppData\Local\Programs\MiKTeX\tex/latex/pgf/compatibility\pgfcomp-version-0-65.sty
Package: pgfcomp-version-0-65 2023-01-15 v3.1.10 (3.1.10)
\pgf@nodesepstart=\dimen283
\pgf@nodesepend=\dimen284
) (C:\Users\Nia\AppData\Local\Programs\MiKTeX\tex/latex/pgf/compatibility\pgfcomp-version-1-18.sty
Package: pgfcomp-version-1-18 2023-01-15 v3.1.10 (3.1.10)
)) (C:\Users\Nia\AppData\Local\Programs\MiKTeX\tex/latex/tools\verbatim.sty
Package: verbatim 2023-11-06 v1.5v LaTeX2e package for verbatim enhancements
\every@verbatim=\toks45
\verbatim@line=\toks46
\verbatim@in@stream=\read5
) (C:\Users\Nia\AppData\Local\Programs\MiKTeX\tex/latex/environ\environ.sty
Package: environ 2014/05/04 v0.3 A new way to define environments
 (C:\Users\Nia\AppData\Local\Programs\MiKTeX\tex/latex/trimspaces\trimspaces.sty
Package: trimspaces 2009/09/17 v1.1 Trim spaces around a token list
))
\tcb@titlebox=\box75
\tcb@upperbox=\box76
\tcb@lowerbox=\box77
\tcb@phantombox=\box78
\c@tcbbreakpart=\count330
\c@tcblayer=\count331
\c@tcolorbox@number=\count332
\l__tcobox_tmpa_box=\box79
\l__tcobox_tmpa_dim=\dimen285
\tcb@temp=\box80
\tcb@temp=\box81
\tcb@temp=\box82
\tcb@temp=\box83
) (C:\Users\Nia\AppData\Local\Programs\MiKTeX\tex/latex/base\inputenc.sty
Package: inputenc 2021/02/14 v1.3d Input encoding file
\inpenc@prehook=\toks47
\inpenc@posthook=\toks48
) (C:\Users\Nia\AppData\Local\Programs\MiKTeX\tex/latex/tools\xspace.sty
Package: xspace 2014/10/28 v1.13 Space after command names (DPC,MH)
) (C:\Users\Nia\AppData\Local\Programs\MiKTeX\tex/latex/microtype\microtype.sty
Package: microtype 2024/03/29 v3.1b Micro-typographical refinements (RS)
\MT@toks=\toks49
\MT@tempbox=\box84
\MT@count=\count333
LaTeX Info: Redefining \noprotrusionifhmode on input line 1061.
LaTeX Info: Redefining \leftprotrusion on input line 1062.
\MT@prot@toks=\toks50
LaTeX Info: Redefining \rightprotrusion on input line 1081.
LaTeX Info: Redefining \textls on input line 1392.
\MT@outer@kern=\dimen286
LaTeX Info: Redefining \textmicrotypecontext on input line 2013.
\MT@listname@count=\count334
 (C:\Users\Nia\AppData\Local\Programs\MiKTeX\tex/latex/microtype\microtype-pdftex.def
File: microtype-pdftex.def 2024/03/29 v3.1b Definitions specific to pdftex (RS)
LaTeX Info: Redefining \lsstyle on input line 902.
LaTeX Info: Redefining \lslig on input line 902.
\MT@outer@space=\skip80
)
Package microtype Info: Loading configuration file microtype.cfg.
 (C:\Users\Nia\AppData\Local\Programs\MiKTeX\tex/latex/microtype\microtype.cfg
File: microtype.cfg 2024/03/29 v3.1b microtype main configuration file (RS)
)) (C:\Users\Nia\AppData\Local\Programs\MiKTeX\tex/latex/needspace\needspace.sty
Package: needspace 2010/09/12 v1.3d reserve vertical space
) (C:\Users\Nia\AppData\Local\Programs\MiKTeX\tex/latex/hyperref\hyperref.sty
Package: hyperref 2024-01-20 v7.01h Hypertext links for LaTeX
 (C:\Users\Nia\AppData\Local\Programs\MiKTeX\tex/generic/kvdefinekeys\kvdefinekeys.sty
Package: kvdefinekeys 2019-12-19 v1.6 Define keys (HO)
) (C:\Users\Nia\AppData\Local\Programs\MiKTeX\tex/generic/pdfescape\pdfescape.sty
Package: pdfescape 2019/12/09 v1.15 Implements pdfTeX's escape features (HO)
) (C:\Users\Nia\AppData\Local\Programs\MiKTeX\tex/latex/hycolor\hycolor.sty
Package: hycolor 2020-01-27 v1.10 Color options for hyperref/bookmark (HO)
)
(C:\Users\Nia\AppData\Local\Programs\MiKTeX\tex/latex/auxhook\auxhook.sty
Package: auxhook 2019-12-17 v1.6 Hooks for auxiliary files (HO)
) (C:\Users\Nia\AppData\Local\Programs\MiKTeX\tex/latex/hyperref\nameref.sty
Package: nameref 2023-11-26 v2.56 Cross-referencing by name of section
 (C:\Users\Nia\AppData\Local\Programs\MiKTeX\tex/latex/refcount\refcount.sty
Package: refcount 2019/12/15 v3.6 Data extraction from label references (HO)
) (C:\Users\Nia\AppData\Local\Programs\MiKTeX\tex/generic/gettitlestring\gettitlestring.sty
Package: gettitlestring 2019/12/15 v1.6 Cleanup title references (HO)
)
\c@section@level=\count335
)
\@linkdim=\dimen287
\Hy@linkcounter=\count336
\Hy@pagecounter=\count337
 (C:\Users\Nia\AppData\Local\Programs\MiKTeX\tex/latex/hyperref\pd1enc.def
File: pd1enc.def 2024-01-20 v7.01h Hyperref: PDFDocEncoding definition (HO)
Now handling font encoding PD1 ...
... no UTF-8 mapping file for font encoding PD1
) (C:\Users\Nia\AppData\Local\Programs\MiKTeX\tex/generic/intcalc\intcalc.sty
Package: intcalc 2019/12/15 v1.3 Expandable calculations with integers (HO)
)
\Hy@SavedSpaceFactor=\count338
 (C:\Users\Nia\AppData\Local\Programs\MiKTeX\tex/latex/hyperref\puenc.def
File: puenc.def 2024-01-20 v7.01h Hyperref: PDF Unicode definition (HO)
Now handling font encoding PU ...
... no UTF-8 mapping file for font encoding PU
)
Package hyperref Info: Option `colorlinks' set `true' on input line 4062.
Package hyperref Info: Hyper figures OFF on input line 4179.
Package hyperref Info: Link nesting OFF on input line 4184.
Package hyperref Info: Hyper index ON on input line 4187.
Package hyperref Info: Plain pages OFF on input line 4194.
Package hyperref Info: Backreferencing OFF on input line 4199.
Package hyperref Info: Implicit mode ON; LaTeX internals redefined.
Package hyperref Info: Bookmarks ON on input line 4446.
\c@Hy@tempcnt=\count339
 (C:\Users\Nia\AppData\Local\Programs\MiKTeX\tex/latex/url\url.sty
\Urlmuskip=\muskip17
Package: url 2013/09/16  ver 3.4  Verb mode for urls, etc.
)
LaTeX Info: Redefining \url on input line 4784.
\XeTeXLinkMargin=\dimen288
 (C:\Users\Nia\AppData\Local\Programs\MiKTeX\tex/generic/bitset\bitset.sty
Package: bitset 2019/12/09 v1.3 Handle bit-vector datatype (HO)
 (C:\Users\Nia\AppData\Local\Programs\MiKTeX\tex/generic/bigintcalc\bigintcalc.sty
Package: bigintcalc 2019/12/15 v1.5 Expandable calculations on big integers (HO)
))
\Fld@menulength=\count340
\Field@Width=\dimen289
\Fld@charsize=\dimen290
Package hyperref Info: Hyper figures OFF on input line 6063.
Package hyperref Info: Link nesting OFF on input line 6068.
Package hyperref Info: Hyper index ON on input line 6071.
Package hyperref Info: backreferencing OFF on input line 6078.
Package hyperref Info: Link coloring ON on input line 6081.
Package hyperref Info: Link coloring with OCG OFF on input line 6088.
Package hyperref Info: PDF/A mode OFF on input line 6093.
 (C:\Users\Nia\AppData\Local\Programs\MiKTeX\tex/latex/base\atbegshi-ltx.sty
Package: atbegshi-ltx 2021/01/10 v1.0c Emulation of the original atbegshi
package with kernel methods
)
\Hy@abspage=\count341
\c@Item=\count342
\c@Hfootnote=\count343
)
Package hyperref Info: Driver (autodetected): hpdftex.
 (C:\Users\Nia\AppData\Local\Programs\MiKTeX\tex/latex/hyperref\hpdftex.def
File: hpdftex.def 2024-01-20 v7.01h Hyperref driver for pdfTeX
 (C:\Users\Nia\AppData\Local\Programs\MiKTeX\tex/latex/base\atveryend-ltx.sty
Package: atveryend-ltx 2020/08/19 v1.0a Emulation of the original atveryend package
with kernel methods
)
\Fld@listcount=\count344
\c@bookmark@seq@number=\count345
 (C:\Users\Nia\AppData\Local\Programs\MiKTeX\tex/latex/rerunfilecheck\rerunfilecheck.sty
Package: rerunfilecheck 2022-07-10 v1.10 Rerun checks for auxiliary files (HO)
 (C:\Users\Nia\AppData\Local\Programs\MiKTeX\tex/generic/uniquecounter\uniquecounter.sty
Package: uniquecounter 2019/12/15 v1.4 Provide unlimited unique counter (HO)
)
Package uniquecounter Info: New unique counter `rerunfilecheck' on input line 285.
)
\Hy@SectionHShift=\skip81
) (C:\Users\Nia\AppData\Local\Programs\MiKTeX\tex/latex/geometry\geometry.sty
Package: geometry 2020/01/02 v5.9 Page Geometry
 (C:\Users\Nia\AppData\Local\Programs\MiKTeX\tex/generic/iftex\ifvtex.sty
Package: ifvtex 2019/10/25 v1.7 ifvtex legacy package. Use iftex instead.
)
\Gm@cnth=\count346
\Gm@cntv=\count347
\c@Gm@tempcnt=\count348
\Gm@bindingoffset=\dimen291
\Gm@wd@mp=\dimen292
\Gm@odd@mp=\dimen293
\Gm@even@mp=\dimen294
\Gm@layoutwidth=\dimen295
\Gm@layoutheight=\dimen296
\Gm@layouthoffset=\dimen297
\Gm@layoutvoffset=\dimen298
\Gm@dimlist=\toks51
 (C:\Users\Nia\AppData\Local\Programs\MiKTeX\tex/latex/geometry\geometry.cfg))
\c@lemma=\count349
\c@theorem=\count350
\c@definition=\count351
)
runsystem(for ^%i in (pygmentize.exe pygmentize.bat pygmentize.cmd) do set > boolean_logic.aex <nul: /p x=^%~$PATH:i>> boolean_logic.aex)...executed.

runsystem(del boolean_logic.aex)...executed.

 (boolean_logic.aux)
\openout1 = `boolean_logic.aux'.

LaTeX Font Info:    Checking defaults for OML/cmm/m/it on input line 11.
LaTeX Font Info:    ... okay on input line 11.
LaTeX Font Info:    Checking defaults for OMS/cmsy/m/n on input line 11.
LaTeX Font Info:    ... okay on input line 11.
LaTeX Font Info:    Checking defaults for OT1/cmr/m/n on input line 11.
LaTeX Font Info:    ... okay on input line 11.
LaTeX Font Info:    Checking defaults for T1/cmr/m/n on input line 11.
LaTeX Font Info:    ... okay on input line 11.
LaTeX Font Info:    Checking defaults for TS1/cmr/m/n on input line 11.
LaTeX Font Info:    ... okay on input line 11.
LaTeX Font Info:    Checking defaults for OMX/cmex/m/n on input line 11.
LaTeX Font Info:    ... okay on input line 11.
LaTeX Font Info:    Checking defaults for U/cmr/m/n on input line 11.
LaTeX Font Info:    ... okay on input line 11.
LaTeX Font Info:    Checking defaults for PD1/pdf/m/n on input line 11.
LaTeX Font Info:    ... okay on input line 11.
LaTeX Font Info:    Checking defaults for PU/pdf/m/n on input line 11.
LaTeX Font Info:    ... okay on input line 11.
Package scrbase Info: activating english \abstractname on input line 11.
Package scrbase Info: activating english \partname on input line 11.
Package scrbase Info: activating english \figurename on input line 11.
Package scrbase Info: activating english \tablename on input line 11.
Package scrbase Info: activating english \contentsname on input line 11.
Package scrbase Info: activating english \listfigurename on input line 11.
Package scrbase Info: activating english \listtablename on input line 11.
Package scrbase Info: activating english \refname on input line 11.
Package scrbase Info: activating english \indexname on input line 11.
 (C:\Users\Nia\AppData\Local\Programs\MiKTeX\tex/context/base/mkii\supp-pdf.mkii
[Loading MPS to PDF converter (version 2006.09.02).]
\scratchcounter=\count352
\scratchdimen=\dimen299
\scratchbox=\box85
\nofMPsegments=\count353
\nofMParguments=\count354
\everyMPshowfont=\toks52
\MPscratchCnt=\count355
\MPscratchDim=\dimen300
\MPnumerator=\count356
\makeMPintoPDFobject=\count357
\everyMPtoPDFconversion=\toks53
) (C:\Users\Nia\AppData\Local\Programs\MiKTeX\tex/latex/epstopdf-pkg\epstopdf-base.sty
Package: epstopdf-base 2020-01-24 v2.11 Base part for package epstopdf
Package epstopdf-base Info: Redefining graphics rule for `.eps' on input line 485.
 (C:\Users\Nia\AppData\Local\Programs\MiKTeX\tex/latex/00miktex\epstopdf-sys.cfg
File: epstopdf-sys.cfg 2021/03/18 v2.0 Configuration of epstopdf for MiKTeX
))
Package caption Info: Begin \AtBeginDocument code.
Package caption Info: hyperref package is loaded.
Package caption Info: End \AtBeginDocument code.
LaTeX Info: Redefining \microtypecontext on input line 11.
Package microtype Info: Applying patch `item' on input line 11.
Package microtype Info: Applying patch `toc' on input line 11.
Package microtype Info: Applying patch `eqnum' on input line 11.
Package microtype Info: Applying patch `footnote' on input line 11.
Package microtype Info: Applying patch `verbatim' on input line 11.
Package microtype Info: Generating PDF output.
Package microtype Info: Character protrusion enabled (level 2).
Package microtype Info: Using default protrusion set `alltext'.
Package microtype Info: Automatic font expansion enabled (level 2),
(microtype)             stretch: 20, shrink: 20, step: 1, non-selected.
Package microtype Info: Using default expansion set `alltext-nott'.
LaTeX Info: Redefining \showhyphens on input line 11.
Package microtype Info: No adjustment of tracking.
Package microtype Info: No adjustment of interword spacing.
Package microtype Info: No adjustment of character kerning.
 (C:\Users\Nia\AppData\Local\Programs\MiKTeX\tex/latex/microtype\mt-cmr.cfg
File: mt-cmr.cfg 2013/05/19 v2.2 microtype config. file: Computer Modern Roman (RS)
)
Package hyperref Info: Link coloring ON on input line 11.
 (boolean_logic.out) (boolean_logic.out)
\@outlinefile=\write6
\openout6 = `boolean_logic.out'.

Class scrartcl Info: loading recommended package `bookmark'.
(scrartcl)           Using `bookmark' together with `hyperref' is recommended,
(scrartcl)           because of handling of possible bookmark level gaps.
(scrartcl)           You can avoid loading `bookmark' with KOMA-Script option
(scrartcl)           `bookmarkpackage=false' before \begin{document} and
(scrartcl)           you can avoid this message adding:
(scrartcl)             \usepackage{bookmark}
(scrartcl)           before \begin{document} on input line 11.
 (C:\Users\Nia\AppData\Local\Programs\MiKTeX\tex/latex/bookmark\bookmark.sty
Package: bookmark 2023-12-10 v1.31 PDF bookmarks (HO)
 (C:\Users\Nia\AppData\Local\Programs\MiKTeX\tex/latex/bookmark\bkm-pdftex.def
File: bkm-pdftex.def 2023-12-10 v1.31 bookmark driver for pdfTeX and luaTeX (HO)
\BKM@id=\count358
))
*geometry* driver: auto-detecting
*geometry* detected driver: pdftex
*geometry* verbose mode - [ preamble ] result:
* driver: pdftex
* paper: <default>
* layout: <same size as paper>
* layoutoffset:(h,v)=(0.0pt,0.0pt)
* modes: 
* h-part:(L,W,R)=(89.6271pt, 418.25372pt, 89.6271pt)
* v-part:(T,H,B)=(101.40665pt, 591.53027pt, 152.11002pt)
* \paperwidth=597.50793pt
* \paperheight=845.04694pt
* \textwidth=418.25372pt
* \textheight=591.53027pt
* \oddsidemargin=17.35712pt
* \evensidemargin=17.35712pt
* \topmargin=-10.73834pt
* \headheight=18.125pt
* \headsep=21.75pt
* \topskip=12.0pt
* \footskip=50.75pt
* \marginparwidth=49.79233pt
* \marginparsep=12.8401pt
* \columnsep=85.35826pt
* \skip\footins=10.8pt plus 4.0pt minus 2.0pt
* \hoffset=0.0pt
* \voffset=0.0pt
* \mag=1000
* \@twocolumnfalse
* \@twosidefalse
* \@mparswitchfalse
* \@reversemarginfalse
* (1in=72.27pt=25.4mm, 1cm=28.453pt)

Package microtype Info: Loading generic protrusion settings for font family
(microtype)             `cmss' (encoding: OT1).
(microtype)             For optimal results, create family-specific settings.
(microtype)             See the microtype manual for details.
LaTeX Font Info:    Trying to load font information for U+msa on input line 13.
(C:\Users\Nia\AppData\Local\Programs\MiKTeX\tex/latex/amsfonts\umsa.fd
File: umsa.fd 2013/01/14 v3.01 AMS symbols A
) (C:\Users\Nia\AppData\Local\Programs\MiKTeX\tex/latex/microtype\mt-msa.cfg
File: mt-msa.cfg 2006/02/04 v1.1 microtype config. file: AMS symbols (a) (RS)
)
LaTeX Font Info:    Trying to load font information for U+msb on input line 13.
 (C:\Users\Nia\AppData\Local\Programs\MiKTeX\tex/latex/amsfonts\umsb.fd
File: umsb.fd 2013/01/14 v3.01 AMS symbols B
) (C:\Users\Nia\AppData\Local\Programs\MiKTeX\tex/latex/microtype\mt-msb.cfg
File: mt-msb.cfg 2005/06/01 v1.0 microtype config. file: AMS symbols (b) (RS)
)
LaTeX Font Info:    Trying to load font information for U+rsfs on input line 13.
 (C:\Users\Nia\AppData\Local\Programs\MiKTeX\tex/latex/jknappen\ursfs.fd
File: ursfs.fd 1998/03/24 rsfs font definition file (jk)
)
\openout4 = `boolean_logic.pyg'.

 (_minted-boolean_logic/autumn.pygstyle) (_minted-boolean_logic/2D7F4DD6193B6B6F9629700CD159F0548801DE3793DF26AA1DAFDEF15600679E.pygtex
Package microtype Info: Loading generic protrusion settings for font family
(microtype)             `cmtt' (encoding: OT1).
(microtype)             For optimal results, create family-specific settings.
(microtype)             See the microtype manual for details.
)
\openout4 = `boolean_logic.pyg'.

 (_minted-boolean_logic/2367D0D41BA13117405DFA47FDFF7B3B8801DE3793DF26AA1DAFDEF15600679E.pygtex)
\openout4 = `boolean_logic.pyg'.

 (_minted-boolean_logic/79F5C9AEC1851D24424DE38AD3DE6F988801DE3793DF26AA1DAFDEF15600679E.pygtex)
\openout4 = `boolean_logic.pyg'.

 (_minted-boolean_logic/3108A275C2AD15DFC90F9DF4F56E11F78801DE3793DF26AA1DAFDEF15600679E.pygtex)
\openout4 = `boolean_logic.pyg'.

 (_minted-boolean_logic/EF520E2FED4DB104546E13BF8EA0FAD38801DE3793DF26AA1DAFDEF15600679E.pygtex)
\openout4 = `boolean_logic.pyg'.

 (_minted-boolean_logic/C1CF2C8C041E3D073D7E9AC86B45D2B08801DE3793DF26AA1DAFDEF15600679E.pygtex)
\openout4 = `boolean_logic.pyg'.

 (_minted-boolean_logic/2367D0D41BA13117405DFA47FDFF7B3B8801DE3793DF26AA1DAFDEF15600679E.pygtex)
\openout4 = `boolean_logic.pyg'.

 (_minted-boolean_logic/2367D0D41BA13117405DFA47FDFF7B3B8801DE3793DF26AA1DAFDEF15600679E.pygtex)
\openout4 = `boolean_logic.pyg'.

 (_minted-boolean_logic/79F5C9AEC1851D24424DE38AD3DE6F988801DE3793DF26AA1DAFDEF15600679E.pygtex)
\openout4 = `boolean_logic.pyg'.

 (_minted-boolean_logic/2D7F4DD6193B6B6F9629700CD159F0548801DE3793DF26AA1DAFDEF15600679E.pygtex)
\openout4 = `boolean_logic.pyg'.

 (_minted-boolean_logic/2367D0D41BA13117405DFA47FDFF7B3B8801DE3793DF26AA1DAFDEF15600679E.pygtex)
\openout4 = `boolean_logic.pyg'.

 (_minted-boolean_logic/2D7F4DD6193B6B6F9629700CD159F0548801DE3793DF26AA1DAFDEF15600679E.pygtex)
\openout4 = `boolean_logic.pyg'.

 (_minted-boolean_logic/EF520E2FED4DB104546E13BF8EA0FAD38801DE3793DF26AA1DAFDEF15600679E.pygtex)
\openout4 = `boolean_logic.pyg'.

 (_minted-boolean_logic/2367D0D41BA13117405DFA47FDFF7B3B8801DE3793DF26AA1DAFDEF15600679E.pygtex)
\openout4 = `boolean_logic.pyg'.

 (_minted-boolean_logic/EF520E2FED4DB104546E13BF8EA0FAD38801DE3793DF26AA1DAFDEF15600679E.pygtex)
\openout4 = `boolean_logic.pyg'.

 (_minted-boolean_logic/2D7F4DD6193B6B6F9629700CD159F0548801DE3793DF26AA1DAFDEF15600679E.pygtex)
\openout4 = `boolean_logic.pyg'.

 (_minted-boolean_logic/2367D0D41BA13117405DFA47FDFF7B3B8801DE3793DF26AA1DAFDEF15600679E.pygtex)
\openout4 = `boolean_logic.pyg'.

 (_minted-boolean_logic/79F5C9AEC1851D24424DE38AD3DE6F988801DE3793DF26AA1DAFDEF15600679E.pygtex)
\openout4 = `boolean_logic.pyg'.

 (_minted-boolean_logic/EF520E2FED4DB104546E13BF8EA0FAD38801DE3793DF26AA1DAFDEF15600679E.pygtex)
\openout4 = `boolean_logic.pyg'.

 (_minted-boolean_logic/2367D0D41BA13117405DFA47FDFF7B3B8801DE3793DF26AA1DAFDEF15600679E.pygtex)
\openout4 = `boolean_logic.pyg'.

 (_minted-boolean_logic/79F5C9AEC1851D24424DE38AD3DE6F988801DE3793DF26AA1DAFDEF15600679E.pygtex)
\openout4 = `boolean_logic.pyg'.

 (_minted-boolean_logic/2367D0D41BA13117405DFA47FDFF7B3B8801DE3793DF26AA1DAFDEF15600679E.pygtex)
\openout4 = `boolean_logic.pyg'.

 (_minted-boolean_logic/2D7F4DD6193B6B6F9629700CD159F0548801DE3793DF26AA1DAFDEF15600679E.pygtex)
\openout4 = `boolean_logic.pyg'.

 (_minted-boolean_logic/EF520E2FED4DB104546E13BF8EA0FAD38801DE3793DF26AA1DAFDEF15600679E.pygtex) [1


{C:/Users/Nia/AppData/Local/MiKTeX/fonts/map/pdftex/pdftex.map}]
\openout3 = `boolean_logic.pyg'.

 (_minted-boolean_logic/D18712A134489D44C91749A71A5AB4EF8801DE3793DF26AA1DAFDEF15600679E.pygtex)
\openout4 = `boolean_logic.pyg'.

 (_minted-boolean_logic/2367D0D41BA13117405DFA47FDFF7B3B8801DE3793DF26AA1DAFDEF15600679E.pygtex)
\openout4 = `boolean_logic.pyg'.

 (_minted-boolean_logic/79F5C9AEC1851D24424DE38AD3DE6F988801DE3793DF26AA1DAFDEF15600679E.pygtex)
\openout4 = `boolean_logic.pyg'.

 (_minted-boolean_logic/3108A275C2AD15DFC90F9DF4F56E11F78801DE3793DF26AA1DAFDEF15600679E.pygtex)
\openout4 = `boolean_logic.pyg'.

 (_minted-boolean_logic/2367D0D41BA13117405DFA47FDFF7B3B8801DE3793DF26AA1DAFDEF15600679E.pygtex)
\openout4 = `boolean_logic.pyg'.

 (_minted-boolean_logic/79F5C9AEC1851D24424DE38AD3DE6F988801DE3793DF26AA1DAFDEF15600679E.pygtex)
\openout4 = `boolean_logic.pyg'.

 (_minted-boolean_logic/3108A275C2AD15DFC90F9DF4F56E11F78801DE3793DF26AA1DAFDEF15600679E.pygtex)
\openout4 = `boolean_logic.pyg'.

 (_minted-boolean_logic/2367D0D41BA13117405DFA47FDFF7B3B8801DE3793DF26AA1DAFDEF15600679E.pygtex)
\openout4 = `boolean_logic.pyg'.

 (_minted-boolean_logic/79F5C9AEC1851D24424DE38AD3DE6F988801DE3793DF26AA1DAFDEF15600679E.pygtex)
\openout4 = `boolean_logic.pyg'.

 (_minted-boolean_logic/3108A275C2AD15DFC90F9DF4F56E11F78801DE3793DF26AA1DAFDEF15600679E.pygtex)
\openout4 = `boolean_logic.pyg'.

 (_minted-boolean_logic/A5ECCD9612CC69223D76AE7D1D59E1E58801DE3793DF26AA1DAFDEF15600679E.pygtex)
\openout4 = `boolean_logic.pyg'.

 (_minted-boolean_logic/2367D0D41BA13117405DFA47FDFF7B3B8801DE3793DF26AA1DAFDEF15600679E.pygtex)
\openout4 = `boolean_logic.pyg'.

 (_minted-boolean_logic/6B08FA278EA93AB98F33692E97BA14288801DE3793DF26AA1DAFDEF15600679E.pygtex)
\openout4 = `boolean_logic.pyg'.

 (_minted-boolean_logic/79F5C9AEC1851D24424DE38AD3DE6F988801DE3793DF26AA1DAFDEF15600679E.pygtex)
\openout4 = `boolean_logic.pyg'.

 (_minted-boolean_logic/2367D0D41BA13117405DFA47FDFF7B3B8801DE3793DF26AA1DAFDEF15600679E.pygtex)
\openout4 = `boolean_logic.pyg'.

 (_minted-boolean_logic/79F5C9AEC1851D24424DE38AD3DE6F988801DE3793DF26AA1DAFDEF15600679E.pygtex) [2]
\openout4 = `boolean_logic.pyg'.

 (_minted-boolean_logic/7B513CABA8F963209BE2AF745FE40E058801DE3793DF26AA1DAFDEF15600679E.pygtex)
\openout4 = `boolean_logic.pyg'.

 (_minted-boolean_logic/C9459B226FA695DCBC4743253CDD72BF8801DE3793DF26AA1DAFDEF15600679E.pygtex)
\openout4 = `boolean_logic.pyg'.

 (_minted-boolean_logic/92861AD7E8FF173FDAC6C4C6E8415B688801DE3793DF26AA1DAFDEF15600679E.pygtex)
\openout4 = `boolean_logic.pyg'.

 (_minted-boolean_logic/C9459B226FA695DCBC4743253CDD72BF8801DE3793DF26AA1DAFDEF15600679E.pygtex)
\openout4 = `boolean_logic.pyg'.

 (_minted-boolean_logic/2367D0D41BA13117405DFA47FDFF7B3B8801DE3793DF26AA1DAFDEF15600679E.pygtex)
\openout4 = `boolean_logic.pyg'.

 (_minted-boolean_logic/92861AD7E8FF173FDAC6C4C6E8415B688801DE3793DF26AA1DAFDEF15600679E.pygtex)
\openout4 = `boolean_logic.pyg'.

 (_minted-boolean_logic/2367D0D41BA13117405DFA47FDFF7B3B8801DE3793DF26AA1DAFDEF15600679E.pygtex)
\openout4 = `boolean_logic.pyg'.

 (_minted-boolean_logic/C9459B226FA695DCBC4743253CDD72BF8801DE3793DF26AA1DAFDEF15600679E.pygtex)
\openout4 = `boolean_logic.pyg'.

 (_minted-boolean_logic/2367D0D41BA13117405DFA47FDFF7B3B8801DE3793DF26AA1DAFDEF15600679E.pygtex)
\openout4 = `boolean_logic.pyg'.

 (_minted-boolean_logic/79F5C9AEC1851D24424DE38AD3DE6F988801DE3793DF26AA1DAFDEF15600679E.pygtex)
\openout4 = `boolean_logic.pyg'.

 (_minted-boolean_logic/92861AD7E8FF173FDAC6C4C6E8415B688801DE3793DF26AA1DAFDEF15600679E.pygtex)
\openout4 = `boolean_logic.pyg'.

 (_minted-boolean_logic/2367D0D41BA13117405DFA47FDFF7B3B8801DE3793DF26AA1DAFDEF15600679E.pygtex)
\openout4 = `boolean_logic.pyg'.

 (_minted-boolean_logic/79F5C9AEC1851D24424DE38AD3DE6F988801DE3793DF26AA1DAFDEF15600679E.pygtex)
\openout4 = `boolean_logic.pyg'.

 (_minted-boolean_logic/6A0ED1CE3AABE08323CB38F3A068D6928801DE3793DF26AA1DAFDEF15600679E.pygtex)
\openout4 = `boolean_logic.pyg'.

 (_minted-boolean_logic/2367D0D41BA13117405DFA47FDFF7B3B8801DE3793DF26AA1DAFDEF15600679E.pygtex)
\openout4 = `boolean_logic.pyg'.

 (_minted-boolean_logic/C9459B226FA695DCBC4743253CDD72BF8801DE3793DF26AA1DAFDEF15600679E.pygtex)
\openout4 = `boolean_logic.pyg'.

 (_minted-boolean_logic/79F5C9AEC1851D24424DE38AD3DE6F988801DE3793DF26AA1DAFDEF15600679E.pygtex)
\openout4 = `boolean_logic.pyg'.

 (_minted-boolean_logic/2367D0D41BA13117405DFA47FDFF7B3B8801DE3793DF26AA1DAFDEF15600679E.pygtex)
\openout4 = `boolean_logic.pyg'.

 (_minted-boolean_logic/92861AD7E8FF173FDAC6C4C6E8415B688801DE3793DF26AA1DAFDEF15600679E.pygtex)
\openout4 = `boolean_logic.pyg'.

 (_minted-boolean_logic/2367D0D41BA13117405DFA47FDFF7B3B8801DE3793DF26AA1DAFDEF15600679E.pygtex)
\openout4 = `boolean_logic.pyg'.

 (_minted-boolean_logic/79F5C9AEC1851D24424DE38AD3DE6F988801DE3793DF26AA1DAFDEF15600679E.pygtex)
\openout4 = `boolean_logic.pyg'.

 (_minted-boolean_logic/C9459B226FA695DCBC4743253CDD72BF8801DE3793DF26AA1DAFDEF15600679E.pygtex)
\openout4 = `boolean_logic.pyg'.

 (_minted-boolean_logic/2367D0D41BA13117405DFA47FDFF7B3B8801DE3793DF26AA1DAFDEF15600679E.pygtex)
\openout4 = `boolean_logic.pyg'.

 (_minted-boolean_logic/79F5C9AEC1851D24424DE38AD3DE6F988801DE3793DF26AA1DAFDEF15600679E.pygtex) [3]
\openout4 = `boolean_logic.pyg'.

 (_minted-boolean_logic/2367D0D41BA13117405DFA47FDFF7B3B8801DE3793DF26AA1DAFDEF15600679E.pygtex)
\openout4 = `boolean_logic.pyg'.

 (_minted-boolean_logic/79F5C9AEC1851D24424DE38AD3DE6F988801DE3793DF26AA1DAFDEF15600679E.pygtex)
\openout4 = `boolean_logic.pyg'.

 (_minted-boolean_logic/92861AD7E8FF173FDAC6C4C6E8415B688801DE3793DF26AA1DAFDEF15600679E.pygtex)
\openout4 = `boolean_logic.pyg'.

 (_minted-boolean_logic/2367D0D41BA13117405DFA47FDFF7B3B8801DE3793DF26AA1DAFDEF15600679E.pygtex)
\openout4 = `boolean_logic.pyg'.

 (_minted-boolean_logic/79F5C9AEC1851D24424DE38AD3DE6F988801DE3793DF26AA1DAFDEF15600679E.pygtex)
\openout4 = `boolean_logic.pyg'.

 (_minted-boolean_logic/C9459B226FA695DCBC4743253CDD72BF8801DE3793DF26AA1DAFDEF15600679E.pygtex)
\openout4 = `boolean_logic.pyg'.

 (_minted-boolean_logic/2367D0D41BA13117405DFA47FDFF7B3B8801DE3793DF26AA1DAFDEF15600679E.pygtex)
\openout4 = `boolean_logic.pyg'.

 (_minted-boolean_logic/2367D0D41BA13117405DFA47FDFF7B3B8801DE3793DF26AA1DAFDEF15600679E.pygtex)
\openout4 = `boolean_logic.pyg'.

 (_minted-boolean_logic/79F5C9AEC1851D24424DE38AD3DE6F988801DE3793DF26AA1DAFDEF15600679E.pygtex)
\openout4 = `boolean_logic.pyg'.

 (_minted-boolean_logic/79F5C9AEC1851D24424DE38AD3DE6F988801DE3793DF26AA1DAFDEF15600679E.pygtex)
\openout4 = `boolean_logic.pyg'.

 (_minted-boolean_logic/2367D0D41BA13117405DFA47FDFF7B3B8801DE3793DF26AA1DAFDEF15600679E.pygtex)
\openout4 = `boolean_logic.pyg'.

 (_minted-boolean_logic/2367D0D41BA13117405DFA47FDFF7B3B8801DE3793DF26AA1DAFDEF15600679E.pygtex)
\openout4 = `boolean_logic.pyg'.

 (_minted-boolean_logic/E3BD1FB3C2A8BA169288FF1089B0DFC18801DE3793DF26AA1DAFDEF15600679E.pygtex)
\openout4 = `boolean_logic.pyg'.

 (_minted-boolean_logic/92861AD7E8FF173FDAC6C4C6E8415B688801DE3793DF26AA1DAFDEF15600679E.pygtex)
\openout4 = `boolean_logic.pyg'.

 (_minted-boolean_logic/2367D0D41BA13117405DFA47FDFF7B3B8801DE3793DF26AA1DAFDEF15600679E.pygtex)
\openout4 = `boolean_logic.pyg'.

 (_minted-boolean_logic/2367D0D41BA13117405DFA47FDFF7B3B8801DE3793DF26AA1DAFDEF15600679E.pygtex)
\openout3 = `boolean_logic.pyg'.

 (_minted-boolean_logic/F83414BD3295F84EE64D99A1BC30D5178801DE3793DF26AA1DAFDEF15600679E.pygtex)
\openout4 = `boolean_logic.pyg'.

 (_minted-boolean_logic/2367D0D41BA13117405DFA47FDFF7B3B8801DE3793DF26AA1DAFDEF15600679E.pygtex)
\openout4 = `boolean_logic.pyg'.

 (_minted-boolean_logic/79F5C9AEC1851D24424DE38AD3DE6F988801DE3793DF26AA1DAFDEF15600679E.pygtex)
\openout4 = `boolean_logic.pyg'.

 (_minted-boolean_logic/2367D0D41BA13117405DFA47FDFF7B3B8801DE3793DF26AA1DAFDEF15600679E.pygtex)
\openout4 = `boolean_logic.pyg'.

 (_minted-boolean_logic/79F5C9AEC1851D24424DE38AD3DE6F988801DE3793DF26AA1DAFDEF15600679E.pygtex)
\openout4 = `boolean_logic.pyg'.

 (_minted-boolean_logic/2367D0D41BA13117405DFA47FDFF7B3B8801DE3793DF26AA1DAFDEF15600679E.pygtex) [4]
\openout4 = `boolean_logic.pyg'.

 (_minted-boolean_logic/61AA5B6C78FA4E3636069347AE39DF108801DE3793DF26AA1DAFDEF15600679E.pygtex
LaTeX Font Info:    Font shape `OT1/cmtt/bx/n' in size <10.95> not available
(Font)              Font shape `OT1/cmtt/m/n' tried instead on input line 3.
)
\openout4 = `boolean_logic.pyg'.

 (_minted-boolean_logic/072C1A5CFD6B485725E0E2D9854F84098801DE3793DF26AA1DAFDEF15600679E.pygtex)
\openout4 = `boolean_logic.pyg'.

 (_minted-boolean_logic/3E9DDEB7E698A4A5A5EC158ED2DF5BF28801DE3793DF26AA1DAFDEF15600679E.pygtex)
\openout4 = `boolean_logic.pyg'.

 (_minted-boolean_logic/387D651F8A4271CBCCFE8B32F7330B118801DE3793DF26AA1DAFDEF15600679E.pygtex)
\openout4 = `boolean_logic.pyg'.

 (_minted-boolean_logic/072C1A5CFD6B485725E0E2D9854F84098801DE3793DF26AA1DAFDEF15600679E.pygtex)
\openout4 = `boolean_logic.pyg'.

 (_minted-boolean_logic/61AA5B6C78FA4E3636069347AE39DF108801DE3793DF26AA1DAFDEF15600679E.pygtex)
\openout4 = `boolean_logic.pyg'.

 (_minted-boolean_logic/F78FFCB5C1E00AC6DC34B14F9971BF1B8801DE3793DF26AA1DAFDEF15600679E.pygtex)
\openout4 = `boolean_logic.pyg'.

 (_minted-boolean_logic/3E9DDEB7E698A4A5A5EC158ED2DF5BF28801DE3793DF26AA1DAFDEF15600679E.pygtex)
\openout4 = `boolean_logic.pyg'.

 (_minted-boolean_logic/072C1A5CFD6B485725E0E2D9854F84098801DE3793DF26AA1DAFDEF15600679E.pygtex)
\openout4 = `boolean_logic.pyg'.

 (_minted-boolean_logic/61AA5B6C78FA4E3636069347AE39DF108801DE3793DF26AA1DAFDEF15600679E.pygtex)
\openout4 = `boolean_logic.pyg'.

 (_minted-boolean_logic/61AA5B6C78FA4E3636069347AE39DF108801DE3793DF26AA1DAFDEF15600679E.pygtex)
\openout4 = `boolean_logic.pyg'.

 (_minted-boolean_logic/61AA5B6C78FA4E3636069347AE39DF108801DE3793DF26AA1DAFDEF15600679E.pygtex)
\openout4 = `boolean_logic.pyg'.

 (_minted-boolean_logic/2367D0D41BA13117405DFA47FDFF7B3B8801DE3793DF26AA1DAFDEF15600679E.pygtex)
\openout4 = `boolean_logic.pyg'.


(_minted-boolean_logic/79F5C9AEC1851D24424DE38AD3DE6F988801DE3793DF26AA1DAFDEF15600679E.pygtex)
\openout4 = `boolean_logic.pyg'.

 (_minted-boolean_logic/C9459B226FA695DCBC4743253CDD72BF8801DE3793DF26AA1DAFDEF15600679E.pygtex)
\openout4 = `boolean_logic.pyg'.

 (_minted-boolean_logic/E3BD1FB3C2A8BA169288FF1089B0DFC18801DE3793DF26AA1DAFDEF15600679E.pygtex)
\openout4 = `boolean_logic.pyg'.

 (_minted-boolean_logic/2367D0D41BA13117405DFA47FDFF7B3B8801DE3793DF26AA1DAFDEF15600679E.pygtex)
\openout4 = `boolean_logic.pyg'.

 (_minted-boolean_logic/79F5C9AEC1851D24424DE38AD3DE6F988801DE3793DF26AA1DAFDEF15600679E.pygtex)
\openout4 = `boolean_logic.pyg'.

 (_minted-boolean_logic/79F5C9AEC1851D24424DE38AD3DE6F988801DE3793DF26AA1DAFDEF15600679E.pygtex)
\openout4 = `boolean_logic.pyg'.

 (_minted-boolean_logic/2367D0D41BA13117405DFA47FDFF7B3B8801DE3793DF26AA1DAFDEF15600679E.pygtex)
\openout4 = `boolean_logic.pyg'.

 (_minted-boolean_logic/61AA5B6C78FA4E3636069347AE39DF108801DE3793DF26AA1DAFDEF15600679E.pygtex)
\openout4 = `boolean_logic.pyg'.

 (_minted-boolean_logic/3E9DDEB7E698A4A5A5EC158ED2DF5BF28801DE3793DF26AA1DAFDEF15600679E.pygtex)
\openout4 = `boolean_logic.pyg'.

 (_minted-boolean_logic/3E9DDEB7E698A4A5A5EC158ED2DF5BF28801DE3793DF26AA1DAFDEF15600679E.pygtex)
\openout4 = `boolean_logic.pyg'.

 (_minted-boolean_logic/2367D0D41BA13117405DFA47FDFF7B3B8801DE3793DF26AA1DAFDEF15600679E.pygtex)
\openout4 = `boolean_logic.pyg'.

 (_minted-boolean_logic/2367D0D41BA13117405DFA47FDFF7B3B8801DE3793DF26AA1DAFDEF15600679E.pygtex)
\openout4 = `boolean_logic.pyg'.

 (_minted-boolean_logic/2D7F4DD6193B6B6F9629700CD159F0548801DE3793DF26AA1DAFDEF15600679E.pygtex)
\openout4 = `boolean_logic.pyg'.

 (_minted-boolean_logic/EF520E2FED4DB104546E13BF8EA0FAD38801DE3793DF26AA1DAFDEF15600679E.pygtex)
\openout4 = `boolean_logic.pyg'.

 (_minted-boolean_logic/977BF494EFB9F7572D2CCCE99B9227248801DE3793DF26AA1DAFDEF15600679E.pygtex)
\openout4 = `boolean_logic.pyg'.

 (_minted-boolean_logic/79F5C9AEC1851D24424DE38AD3DE6F988801DE3793DF26AA1DAFDEF15600679E.pygtex)
\openout4 = `boolean_logic.pyg'.

 (_minted-boolean_logic/79F5C9AEC1851D24424DE38AD3DE6F988801DE3793DF26AA1DAFDEF15600679E.pygtex)
\openout4 = `boolean_logic.pyg'.

 (_minted-boolean_logic/79F5C9AEC1851D24424DE38AD3DE6F988801DE3793DF26AA1DAFDEF15600679E.pygtex)
\openout4 = `boolean_logic.pyg'.

 (_minted-boolean_logic/79F5C9AEC1851D24424DE38AD3DE6F988801DE3793DF26AA1DAFDEF15600679E.pygtex)
\openout4 = `boolean_logic.pyg'.

 (_minted-boolean_logic/2367D0D41BA13117405DFA47FDFF7B3B8801DE3793DF26AA1DAFDEF15600679E.pygtex)
\openout4 = `boolean_logic.pyg'.

 (_minted-boolean_logic/79F5C9AEC1851D24424DE38AD3DE6F988801DE3793DF26AA1DAFDEF15600679E.pygtex)
\openout4 = `boolean_logic.pyg'.

 (_minted-boolean_logic/2367D0D41BA13117405DFA47FDFF7B3B8801DE3793DF26AA1DAFDEF15600679E.pygtex)
\openout4 = `boolean_logic.pyg'.

 (_minted-boolean_logic/79F5C9AEC1851D24424DE38AD3DE6F988801DE3793DF26AA1DAFDEF15600679E.pygtex)
\openout4 = `boolean_logic.pyg'.

 (_minted-boolean_logic/79F5C9AEC1851D24424DE38AD3DE6F988801DE3793DF26AA1DAFDEF15600679E.pygtex)
\openout4 = `boolean_logic.pyg'.

 (_minted-boolean_logic/2367D0D41BA13117405DFA47FDFF7B3B8801DE3793DF26AA1DAFDEF15600679E.pygtex)
\openout4 = `boolean_logic.pyg'.

 (_minted-boolean_logic/2367D0D41BA13117405DFA47FDFF7B3B8801DE3793DF26AA1DAFDEF15600679E.pygtex)
\openout4 = `boolean_logic.pyg'.

 (_minted-boolean_logic/2367D0D41BA13117405DFA47FDFF7B3B8801DE3793DF26AA1DAFDEF15600679E.pygtex) [5]
\openout4 = `boolean_logic.pyg'.

 (_minted-boolean_logic/61AA5B6C78FA4E3636069347AE39DF108801DE3793DF26AA1DAFDEF15600679E.pygtex)
\openout4 = `boolean_logic.pyg'.

 (_minted-boolean_logic/3E9DDEB7E698A4A5A5EC158ED2DF5BF28801DE3793DF26AA1DAFDEF15600679E.pygtex)
\openout4 = `boolean_logic.pyg'.

 (_minted-boolean_logic/6A0ED1CE3AABE08323CB38F3A068D6928801DE3793DF26AA1DAFDEF15600679E.pygtex)
\openout4 = `boolean_logic.pyg'.

 (_minted-boolean_logic/2D7F4DD6193B6B6F9629700CD159F0548801DE3793DF26AA1DAFDEF15600679E.pygtex)
\openout4 = `boolean_logic.pyg'.

 (_minted-boolean_logic/2367D0D41BA13117405DFA47FDFF7B3B8801DE3793DF26AA1DAFDEF15600679E.pygtex)
\openout4 = `boolean_logic.pyg'.

 (_minted-boolean_logic/79F5C9AEC1851D24424DE38AD3DE6F988801DE3793DF26AA1DAFDEF15600679E.pygtex)
\openout4 = `boolean_logic.pyg'.

 (_minted-boolean_logic/EF520E2FED4DB104546E13BF8EA0FAD38801DE3793DF26AA1DAFDEF15600679E.pygtex)
\openout4 = `boolean_logic.pyg'.

 (_minted-boolean_logic/2367D0D41BA13117405DFA47FDFF7B3B8801DE3793DF26AA1DAFDEF15600679E.pygtex)
\openout4 = `boolean_logic.pyg'.

 (_minted-boolean_logic/2367D0D41BA13117405DFA47FDFF7B3B8801DE3793DF26AA1DAFDEF15600679E.pygtex)
\openout4 = `boolean_logic.pyg'.

 (_minted-boolean_logic/79F5C9AEC1851D24424DE38AD3DE6F988801DE3793DF26AA1DAFDEF15600679E.pygtex)
\openout4 = `boolean_logic.pyg'.

 (_minted-boolean_logic/79F5C9AEC1851D24424DE38AD3DE6F988801DE3793DF26AA1DAFDEF15600679E.pygtex)
\openout4 = `boolean_logic.pyg'.

 (_minted-boolean_logic/79F5C9AEC1851D24424DE38AD3DE6F988801DE3793DF26AA1DAFDEF15600679E.pygtex)
\openout4 = `boolean_logic.pyg'.

 (_minted-boolean_logic/79F5C9AEC1851D24424DE38AD3DE6F988801DE3793DF26AA1DAFDEF15600679E.pygtex)
\openout4 = `boolean_logic.pyg'.

 (_minted-boolean_logic/977BF494EFB9F7572D2CCCE99B9227248801DE3793DF26AA1DAFDEF15600679E.pygtex)
\openout4 = `boolean_logic.pyg'.

 (_minted-boolean_logic/977BF494EFB9F7572D2CCCE99B9227248801DE3793DF26AA1DAFDEF15600679E.pygtex)
\openout4 = `boolean_logic.pyg'.

 (_minted-boolean_logic/072C1A5CFD6B485725E0E2D9854F84098801DE3793DF26AA1DAFDEF15600679E.pygtex)
\openout4 = `boolean_logic.pyg'.

 (_minted-boolean_logic/072C1A5CFD6B485725E0E2D9854F84098801DE3793DF26AA1DAFDEF15600679E.pygtex)
\openout4 = `boolean_logic.pyg'.

 (_minted-boolean_logic/2367D0D41BA13117405DFA47FDFF7B3B8801DE3793DF26AA1DAFDEF15600679E.pygtex)
\openout4 = `boolean_logic.pyg'.

 (_minted-boolean_logic/2367D0D41BA13117405DFA47FDFF7B3B8801DE3793DF26AA1DAFDEF15600679E.pygtex)
\openout4 = `boolean_logic.pyg'.

 (_minted-boolean_logic/C9459B226FA695DCBC4743253CDD72BF8801DE3793DF26AA1DAFDEF15600679E.pygtex)
\openout4 = `boolean_logic.pyg'.

 (_minted-boolean_logic/92861AD7E8FF173FDAC6C4C6E8415B688801DE3793DF26AA1DAFDEF15600679E.pygtex)
\openout4 = `boolean_logic.pyg'.

 (_minted-boolean_logic/D39FFAF9989A92CA84BC1B9D21D99E8C8801DE3793DF26AA1DAFDEF15600679E.pygtex)
\openout4 = `boolean_logic.pyg'.

 (_minted-boolean_logic/79F5C9AEC1851D24424DE38AD3DE6F988801DE3793DF26AA1DAFDEF15600679E.pygtex)
\openout4 = `boolean_logic.pyg'.

 (_minted-boolean_logic/79F5C9AEC1851D24424DE38AD3DE6F988801DE3793DF26AA1DAFDEF15600679E.pygtex)
\openout4 = `boolean_logic.pyg'.

 (_minted-boolean_logic/79F5C9AEC1851D24424DE38AD3DE6F988801DE3793DF26AA1DAFDEF15600679E.pygtex)
\openout4 = `boolean_logic.pyg'.

 (_minted-boolean_logic/79F5C9AEC1851D24424DE38AD3DE6F988801DE3793DF26AA1DAFDEF15600679E.pygtex)
\openout4 = `boolean_logic.pyg'.

 (_minted-boolean_logic/2367D0D41BA13117405DFA47FDFF7B3B8801DE3793DF26AA1DAFDEF15600679E.pygtex)
\openout4 = `boolean_logic.pyg'.

 (_minted-boolean_logic/2367D0D41BA13117405DFA47FDFF7B3B8801DE3793DF26AA1DAFDEF15600679E.pygtex)
\openout4 = `boolean_logic.pyg'.

 (_minted-boolean_logic/2367D0D41BA13117405DFA47FDFF7B3B8801DE3793DF26AA1DAFDEF15600679E.pygtex)
\openout4 = `boolean_logic.pyg'.

 (_minted-boolean_logic/79F5C9AEC1851D24424DE38AD3DE6F988801DE3793DF26AA1DAFDEF15600679E.pygtex)
\openout4 = `boolean_logic.pyg'.

 (_minted-boolean_logic/2367D0D41BA13117405DFA47FDFF7B3B8801DE3793DF26AA1DAFDEF15600679E.pygtex)
\openout4 = `boolean_logic.pyg'.

 (_minted-boolean_logic/2367D0D41BA13117405DFA47FDFF7B3B8801DE3793DF26AA1DAFDEF15600679E.pygtex)
\openout4 = `boolean_logic.pyg'.

 (_minted-boolean_logic/2367D0D41BA13117405DFA47FDFF7B3B8801DE3793DF26AA1DAFDEF15600679E.pygtex)
\openout4 = `boolean_logic.pyg'.

 (_minted-boolean_logic/2367D0D41BA13117405DFA47FDFF7B3B8801DE3793DF26AA1DAFDEF15600679E.pygtex) [6]
\openout4 = `boolean_logic.pyg'.

 (_minted-boolean_logic/2D7F4DD6193B6B6F9629700CD159F0548801DE3793DF26AA1DAFDEF15600679E.pygtex)
\openout4 = `boolean_logic.pyg'.

 (_minted-boolean_logic/2367D0D41BA13117405DFA47FDFF7B3B8801DE3793DF26AA1DAFDEF15600679E.pygtex)
\openout4 = `boolean_logic.pyg'.

 (_minted-boolean_logic/79F5C9AEC1851D24424DE38AD3DE6F988801DE3793DF26AA1DAFDEF15600679E.pygtex)
\openout4 = `boolean_logic.pyg'.

 (_minted-boolean_logic/EF520E2FED4DB104546E13BF8EA0FAD38801DE3793DF26AA1DAFDEF15600679E.pygtex)
\openout4 = `boolean_logic.pyg'.

 (_minted-boolean_logic/2367D0D41BA13117405DFA47FDFF7B3B8801DE3793DF26AA1DAFDEF15600679E.pygtex)
\openout4 = `boolean_logic.pyg'.

 (_minted-boolean_logic/2367D0D41BA13117405DFA47FDFF7B3B8801DE3793DF26AA1DAFDEF15600679E.pygtex)
\openout4 = `boolean_logic.pyg'.

 (_minted-boolean_logic/2367D0D41BA13117405DFA47FDFF7B3B8801DE3793DF26AA1DAFDEF15600679E.pygtex)
\openout4 = `boolean_logic.pyg'.

 (_minted-boolean_logic/79F5C9AEC1851D24424DE38AD3DE6F988801DE3793DF26AA1DAFDEF15600679E.pygtex)
\openout4 = `boolean_logic.pyg'.

 (_minted-boolean_logic/2367D0D41BA13117405DFA47FDFF7B3B8801DE3793DF26AA1DAFDEF15600679E.pygtex)
\openout4 = `boolean_logic.pyg'.

 (_minted-boolean_logic/79F5C9AEC1851D24424DE38AD3DE6F988801DE3793DF26AA1DAFDEF15600679E.pygtex)
\openout4 = `boolean_logic.pyg'.

 (_minted-boolean_logic/41709E3351F57E1E5B0148B420198A378801DE3793DF26AA1DAFDEF15600679E.pygtex)
\openout4 = `boolean_logic.pyg'.

 (_minted-boolean_logic/41709E3351F57E1E5B0148B420198A378801DE3793DF26AA1DAFDEF15600679E.pygtex)
\openout4 = `boolean_logic.pyg'.

 (_minted-boolean_logic/072C1A5CFD6B485725E0E2D9854F84098801DE3793DF26AA1DAFDEF15600679E.pygtex)
\openout4 = `boolean_logic.pyg'.

 (_minted-boolean_logic/072C1A5CFD6B485725E0E2D9854F84098801DE3793DF26AA1DAFDEF15600679E.pygtex)
\openout4 = `boolean_logic.pyg'.

 (_minted-boolean_logic/2367D0D41BA13117405DFA47FDFF7B3B8801DE3793DF26AA1DAFDEF15600679E.pygtex)
\openout4 = `boolean_logic.pyg'.

 (_minted-boolean_logic/072C1A5CFD6B485725E0E2D9854F84098801DE3793DF26AA1DAFDEF15600679E.pygtex)
\openout4 = `boolean_logic.pyg'.

 (_minted-boolean_logic/072C1A5CFD6B485725E0E2D9854F84098801DE3793DF26AA1DAFDEF15600679E.pygtex)
\openout4 = `boolean_logic.pyg'.

 (_minted-boolean_logic/072C1A5CFD6B485725E0E2D9854F84098801DE3793DF26AA1DAFDEF15600679E.pygtex)
\openout4 = `boolean_logic.pyg'.

 (_minted-boolean_logic/60B725F10C9C85C70D97880DFE8191B38801DE3793DF26AA1DAFDEF15600679E.pygtex)
\openout4 = `boolean_logic.pyg'.

 (_minted-boolean_logic/3B5D5C3712955042212316173CCF37BE8801DE3793DF26AA1DAFDEF15600679E.pygtex)
\openout4 = `boolean_logic.pyg'.

 (_minted-boolean_logic/428FD34566EBBA569EF2CEDFA04CBB128801DE3793DF26AA1DAFDEF15600679E.pygtex)
\openout4 = `boolean_logic.pyg'.

 (_minted-boolean_logic/9472619CD872E092F8C742A45C4163AB8801DE3793DF26AA1DAFDEF15600679E.pygtex)
\openout4 = `boolean_logic.pyg'.

 (_minted-boolean_logic/79F5C9AEC1851D24424DE38AD3DE6F988801DE3793DF26AA1DAFDEF15600679E.pygtex)
\openout4 = `boolean_logic.pyg'.

 (_minted-boolean_logic/79F5C9AEC1851D24424DE38AD3DE6F988801DE3793DF26AA1DAFDEF15600679E.pygtex)
\openout4 = `boolean_logic.pyg'.

 (_minted-boolean_logic/79F5C9AEC1851D24424DE38AD3DE6F988801DE3793DF26AA1DAFDEF15600679E.pygtex)
\openout4 = `boolean_logic.pyg'.

 (_minted-boolean_logic/79F5C9AEC1851D24424DE38AD3DE6F988801DE3793DF26AA1DAFDEF15600679E.pygtex)
\openout4 = `boolean_logic.pyg'.

 (_minted-boolean_logic/79F5C9AEC1851D24424DE38AD3DE6F988801DE3793DF26AA1DAFDEF15600679E.pygtex)
\openout4 = `boolean_logic.pyg'.

 (_minted-boolean_logic/2367D0D41BA13117405DFA47FDFF7B3B8801DE3793DF26AA1DAFDEF15600679E.pygtex)
\openout4 = `boolean_logic.pyg'.

 (_minted-boolean_logic/2367D0D41BA13117405DFA47FDFF7B3B8801DE3793DF26AA1DAFDEF15600679E.pygtex)
\openout4 = `boolean_logic.pyg'.

 (_minted-boolean_logic/2367D0D41BA13117405DFA47FDFF7B3B8801DE3793DF26AA1DAFDEF15600679E.pygtex)
\openout4 = `boolean_logic.pyg'.

 (_minted-boolean_logic/2367D0D41BA13117405DFA47FDFF7B3B8801DE3793DF26AA1DAFDEF15600679E.pygtex)
\openout4 = `boolean_logic.pyg'.

 (_minted-boolean_logic/79F5C9AEC1851D24424DE38AD3DE6F988801DE3793DF26AA1DAFDEF15600679E.pygtex)
\openout4 = `boolean_logic.pyg'.

 (_minted-boolean_logic/2367D0D41BA13117405DFA47FDFF7B3B8801DE3793DF26AA1DAFDEF15600679E.pygtex)
\openout4 = `boolean_logic.pyg'.

 (_minted-boolean_logic/2367D0D41BA13117405DFA47FDFF7B3B8801DE3793DF26AA1DAFDEF15600679E.pygtex)
\openout4 = `boolean_logic.pyg'.

 (_minted-boolean_logic/2367D0D41BA13117405DFA47FDFF7B3B8801DE3793DF26AA1DAFDEF15600679E.pygtex)
\openout4 = `boolean_logic.pyg'.

 (_minted-boolean_logic/2367D0D41BA13117405DFA47FDFF7B3B8801DE3793DF26AA1DAFDEF15600679E.pygtex)
\openout4 = `boolean_logic.pyg'.

 (_minted-boolean_logic/2367D0D41BA13117405DFA47FDFF7B3B8801DE3793DF26AA1DAFDEF15600679E.pygtex)
\openout4 = `boolean_logic.pyg'.

 (_minted-boolean_logic/79F5C9AEC1851D24424DE38AD3DE6F988801DE3793DF26AA1DAFDEF15600679E.pygtex) [7]
\openout4 = `boolean_logic.pyg'.

 (_minted-boolean_logic/950112350EEAA6EEED086D4350B62D858801DE3793DF26AA1DAFDEF15600679E.pygtex)
\openout4 = `boolean_logic.pyg'.

 (_minted-boolean_logic/79F5C9AEC1851D24424DE38AD3DE6F988801DE3793DF26AA1DAFDEF15600679E.pygtex)
\openout4 = `boolean_logic.pyg'.

 (_minted-boolean_logic/60B725F10C9C85C70D97880DFE8191B38801DE3793DF26AA1DAFDEF15600679E.pygtex)
\openout4 = `boolean_logic.pyg'.

 (_minted-boolean_logic/3B5D5C3712955042212316173CCF37BE8801DE3793DF26AA1DAFDEF15600679E.pygtex)
\openout4 = `boolean_logic.pyg'.

 (_minted-boolean_logic/2367D0D41BA13117405DFA47FDFF7B3B8801DE3793DF26AA1DAFDEF15600679E.pygtex)
\openout4 = `boolean_logic.pyg'.


(_minted-boolean_logic/428FD34566EBBA569EF2CEDFA04CBB128801DE3793DF26AA1DAFDEF15600679E.pygtex)
\openout4 = `boolean_logic.pyg'.

 (_minted-boolean_logic/2367D0D41BA13117405DFA47FDFF7B3B8801DE3793DF26AA1DAFDEF15600679E.pygtex)
\openout4 = `boolean_logic.pyg'.

 (_minted-boolean_logic/2367D0D41BA13117405DFA47FDFF7B3B8801DE3793DF26AA1DAFDEF15600679E.pygtex)
\openout4 = `boolean_logic.pyg'.

 (_minted-boolean_logic/072C1A5CFD6B485725E0E2D9854F84098801DE3793DF26AA1DAFDEF15600679E.pygtex)
\openout4 = `boolean_logic.pyg'.

 (_minted-boolean_logic/2367D0D41BA13117405DFA47FDFF7B3B8801DE3793DF26AA1DAFDEF15600679E.pygtex)
\openout4 = `boolean_logic.pyg'.

 (_minted-boolean_logic/072C1A5CFD6B485725E0E2D9854F84098801DE3793DF26AA1DAFDEF15600679E.pygtex)
\openout4 = `boolean_logic.pyg'.

 (_minted-boolean_logic/203431F822C2453A8F25503DE38406358801DE3793DF26AA1DAFDEF15600679E.pygtex)
\openout4 = `boolean_logic.pyg'.

 (_minted-boolean_logic/203431F822C2453A8F25503DE38406358801DE3793DF26AA1DAFDEF15600679E.pygtex)
\openout4 = `boolean_logic.pyg'.

 (_minted-boolean_logic/203431F822C2453A8F25503DE38406358801DE3793DF26AA1DAFDEF15600679E.pygtex)
\openout4 = `boolean_logic.pyg'.

 (_minted-boolean_logic/203431F822C2453A8F25503DE38406358801DE3793DF26AA1DAFDEF15600679E.pygtex)
\openout4 = `boolean_logic.pyg'.

 (_minted-boolean_logic/203431F822C2453A8F25503DE38406358801DE3793DF26AA1DAFDEF15600679E.pygtex)
\openout4 = `boolean_logic.pyg'.

 (_minted-boolean_logic/60B725F10C9C85C70D97880DFE8191B38801DE3793DF26AA1DAFDEF15600679E.pygtex)
\openout4 = `boolean_logic.pyg'.

 (_minted-boolean_logic/3B5D5C3712955042212316173CCF37BE8801DE3793DF26AA1DAFDEF15600679E.pygtex)
\openout4 = `boolean_logic.pyg'.

 (_minted-boolean_logic/9472619CD872E092F8C742A45C4163AB8801DE3793DF26AA1DAFDEF15600679E.pygtex)
\openout4 = `boolean_logic.pyg'.

 (_minted-boolean_logic/203431F822C2453A8F25503DE38406358801DE3793DF26AA1DAFDEF15600679E.pygtex)
\openout4 = `boolean_logic.pyg'.

 (_minted-boolean_logic/79F5C9AEC1851D24424DE38AD3DE6F988801DE3793DF26AA1DAFDEF15600679E.pygtex)
\openout4 = `boolean_logic.pyg'.

 (_minted-boolean_logic/79F5C9AEC1851D24424DE38AD3DE6F988801DE3793DF26AA1DAFDEF15600679E.pygtex)
\openout4 = `boolean_logic.pyg'.

 (_minted-boolean_logic/79F5C9AEC1851D24424DE38AD3DE6F988801DE3793DF26AA1DAFDEF15600679E.pygtex)
\openout4 = `boolean_logic.pyg'.

 (_minted-boolean_logic/79F5C9AEC1851D24424DE38AD3DE6F988801DE3793DF26AA1DAFDEF15600679E.pygtex)
\openout4 = `boolean_logic.pyg'.

 (_minted-boolean_logic/79F5C9AEC1851D24424DE38AD3DE6F988801DE3793DF26AA1DAFDEF15600679E.pygtex)
\openout4 = `boolean_logic.pyg'.

 (_minted-boolean_logic/2367D0D41BA13117405DFA47FDFF7B3B8801DE3793DF26AA1DAFDEF15600679E.pygtex)
\openout4 = `boolean_logic.pyg'.

 (_minted-boolean_logic/2367D0D41BA13117405DFA47FDFF7B3B8801DE3793DF26AA1DAFDEF15600679E.pygtex)
\openout4 = `boolean_logic.pyg'.

 (_minted-boolean_logic/2367D0D41BA13117405DFA47FDFF7B3B8801DE3793DF26AA1DAFDEF15600679E.pygtex)
\openout4 = `boolean_logic.pyg'.

 (_minted-boolean_logic/2367D0D41BA13117405DFA47FDFF7B3B8801DE3793DF26AA1DAFDEF15600679E.pygtex)
\openout4 = `boolean_logic.pyg'.

 (_minted-boolean_logic/79F5C9AEC1851D24424DE38AD3DE6F988801DE3793DF26AA1DAFDEF15600679E.pygtex)
\openout4 = `boolean_logic.pyg'.

 (_minted-boolean_logic/2367D0D41BA13117405DFA47FDFF7B3B8801DE3793DF26AA1DAFDEF15600679E.pygtex)
\openout4 = `boolean_logic.pyg'.

 (_minted-boolean_logic/2367D0D41BA13117405DFA47FDFF7B3B8801DE3793DF26AA1DAFDEF15600679E.pygtex)
\openout4 = `boolean_logic.pyg'.

 (_minted-boolean_logic/2367D0D41BA13117405DFA47FDFF7B3B8801DE3793DF26AA1DAFDEF15600679E.pygtex)
\openout4 = `boolean_logic.pyg'.

 (_minted-boolean_logic/2367D0D41BA13117405DFA47FDFF7B3B8801DE3793DF26AA1DAFDEF15600679E.pygtex)
\openout4 = `boolean_logic.pyg'.

 (_minted-boolean_logic/2367D0D41BA13117405DFA47FDFF7B3B8801DE3793DF26AA1DAFDEF15600679E.pygtex)
\openout4 = `boolean_logic.pyg'.

 (_minted-boolean_logic/79F5C9AEC1851D24424DE38AD3DE6F988801DE3793DF26AA1DAFDEF15600679E.pygtex)
\openout4 = `boolean_logic.pyg'.

 (_minted-boolean_logic/C464B08E1F56E360C689A81C5E8188838801DE3793DF26AA1DAFDEF15600679E.pygtex)
\openout4 = `boolean_logic.pyg'.

 (_minted-boolean_logic/79F5C9AEC1851D24424DE38AD3DE6F988801DE3793DF26AA1DAFDEF15600679E.pygtex)
\openout4 = `boolean_logic.pyg'.

 (_minted-boolean_logic/13DF994AAB84E5570D0ED6729A9F4CD28801DE3793DF26AA1DAFDEF15600679E.pygtex)
\openout4 = `boolean_logic.pyg'.

 (_minted-boolean_logic/79F5C9AEC1851D24424DE38AD3DE6F988801DE3793DF26AA1DAFDEF15600679E.pygtex)
\openout4 = `boolean_logic.pyg'.

 (_minted-boolean_logic/E6B4E7302FDFA68396D11F5A0959C13E8801DE3793DF26AA1DAFDEF15600679E.pygtex)
\openout3 = `boolean_logic.pyg'.

 (_minted-boolean_logic/9B7E39618AD0E33361B16CD056F4A9D98801DE3793DF26AA1DAFDEF15600679E.pygtex [8])
\openout4 = `boolean_logic.pyg'.

 (_minted-boolean_logic/06D786B8B3F20027B7A21B53083437A28801DE3793DF26AA1DAFDEF15600679E.pygtex)
\openout3 = `boolean_logic.pyg'.

 (_minted-boolean_logic/730D8FC3EAC85773CE6574C3C0385A298801DE3793DF26AA1DAFDEF15600679E.pygtex)
\openout4 = `boolean_logic.pyg'.

 (_minted-boolean_logic/2F31B6AC13E1463CA3F4B5027AC26AEA8801DE3793DF26AA1DAFDEF15600679E.pygtex)
\openout4 = `boolean_logic.pyg'.

 (_minted-boolean_logic/2367D0D41BA13117405DFA47FDFF7B3B8801DE3793DF26AA1DAFDEF15600679E.pygtex)
\openout4 = `boolean_logic.pyg'.

 (_minted-boolean_logic/2367D0D41BA13117405DFA47FDFF7B3B8801DE3793DF26AA1DAFDEF15600679E.pygtex)
\openout4 = `boolean_logic.pyg'.

 (_minted-boolean_logic/7E7BC2EDEA94DDBAE209E700C00177278801DE3793DF26AA1DAFDEF15600679E.pygtex)
\openout4 = `boolean_logic.pyg'.

 (_minted-boolean_logic/940397C9270C20751C6368A02CC19C258801DE3793DF26AA1DAFDEF15600679E.pygtex)
\openout3 = `boolean_logic.pyg'.

 (_minted-boolean_logic/DC0E4EE13E4AAFA6C92189D2FFCC696B8801DE3793DF26AA1DAFDEF15600679E.pygtex)
\openout4 = `boolean_logic.pyg'.

 (_minted-boolean_logic/2F31B6AC13E1463CA3F4B5027AC26AEA8801DE3793DF26AA1DAFDEF15600679E.pygtex)
\openout4 = `boolean_logic.pyg'.

 (_minted-boolean_logic/2367D0D41BA13117405DFA47FDFF7B3B8801DE3793DF26AA1DAFDEF15600679E.pygtex)
\openout4 = `boolean_logic.pyg'.

 (_minted-boolean_logic/2367D0D41BA13117405DFA47FDFF7B3B8801DE3793DF26AA1DAFDEF15600679E.pygtex)
\openout4 = `boolean_logic.pyg'.

 (_minted-boolean_logic/2F31B6AC13E1463CA3F4B5027AC26AEA8801DE3793DF26AA1DAFDEF15600679E.pygtex)
\openout4 = `boolean_logic.pyg'.

 (_minted-boolean_logic/2367D0D41BA13117405DFA47FDFF7B3B8801DE3793DF26AA1DAFDEF15600679E.pygtex)
\openout4 = `boolean_logic.pyg'.

 (_minted-boolean_logic/79F5C9AEC1851D24424DE38AD3DE6F988801DE3793DF26AA1DAFDEF15600679E.pygtex)
\openout4 = `boolean_logic.pyg'.

 (_minted-boolean_logic/79F5C9AEC1851D24424DE38AD3DE6F988801DE3793DF26AA1DAFDEF15600679E.pygtex)
\openout3 = `boolean_logic.pyg'.

 (_minted-boolean_logic/413E679C08A824948A371070D18FF26A8801DE3793DF26AA1DAFDEF15600679E.pygtex)
\openout4 = `boolean_logic.pyg'.

 (_minted-boolean_logic/7E7BC2EDEA94DDBAE209E700C00177278801DE3793DF26AA1DAFDEF15600679E.pygtex)
\openout4 = `boolean_logic.pyg'.

 (_minted-boolean_logic/F78FFCB5C1E00AC6DC34B14F9971BF1B8801DE3793DF26AA1DAFDEF15600679E.pygtex) [9] [10] (boolean_logic.aux)
 ***********
LaTeX2e <2023-11-01> patch level 1
L3 programming layer <2020/03/25>
 ***********
Package rerunfilecheck Info: File `boolean_logic.out' has not changed.
(rerunfilecheck)             Checksum: D41D8CD98F00B204E9800998ECF8427E;0.
runsystem(del boolean_logic.pyg)...executed.

 ) 
Here is how much of TeX's memory you used:
 32026 strings out of 474436
 692349 string characters out of 5742898
 1938190 words of memory out of 5000000
 53177 multiletter control sequences out of 15000+600000
 573767 words of font info for 142 fonts, out of 8000000 for 9000
 1141 hyphenation exceptions out of 8191
 108i,11n,107p,11018b,759s stack positions out of 10000i,1000n,20000p,200000b,200000s
 <C:\Users\Nia\AppData\Local\MiKTeX\fonts/pk/ljfour/jknappen/ec/dpi600\tcrm1200.pk><C:/Users/Nia/AppData/Local/Programs/MiKTeX/fonts/type1/public/amsfonts/cm/cmbx12.pfb><C:/Users/Nia/AppData/Local/Programs/MiKTeX/fonts/type1/public/amsfonts/cm/cmmi12.pfb><C:/Users/Nia/AppData/Local/Programs/MiKTeX/fonts/type1/public/amsfonts/cm/cmr10.pfb><C:/Users/Nia/AppData/Local/Programs/MiKTeX/fonts/type1/public/amsfonts/cm/cmr12.pfb><C:/Users/Nia/AppData/Local/Programs/MiKTeX/fonts/type1/public/amsfonts/cm/cmssbx10.pfb><C:/Users/Nia/AppData/Local/Programs/MiKTeX/fonts/type1/public/amsfonts/cm/cmsy10.pfb><C:/Users/Nia/AppData/Local/Programs/MiKTeX/fonts/type1/public/amsfonts/cm/cmti12.pfb><C:/Users/Nia/AppData/Local/Programs/MiKTeX/fonts/type1/public/amsfonts/cm/cmtt10.pfb><C:/Users/Nia/AppData/Local/Programs/MiKTeX/fonts/type1/public/amsfonts/cm/cmtt12.pfb>
Output written on boolean_logic.pdf (10 pages, 148251 bytes).
PDF statistics:
 145 PDF objects out of 1000 (max. 8388607)
 35 named destinations out of 1000 (max. 500000)
 33837 words of extra memory for PDF output out of 35830 (max. 10000000)

